2026-06-03 10:26:18,423 | INFO | robo_stur | Log iniciado em: /Users/gabrielfornydesouzamuniz/Documents/projetos/robo_stabia/logs/robo_stur_20260603_102618.log
2026-06-03 10:26:18,423 | INFO | robo_stur | Iniciando processamento - fluxo LATAM / Conferências
2026-06-03 10:26:18,423 | INFO | robo_stur | Arquivos recebidos: ['/Users/gabrielfornydesouzamuniz/Documents/projetos/robo_stabia/input/CLARA MES 6.csv']
2026-06-03 10:26:20,025 | INFO | robo_stur | Acessando STUR: https://ww3.sturweb.com.br/STABIATURISMO/Login.aspx
2026-06-03 10:26:22,679 | INFO | robo_stur | Aguardando 3s — usuário preenchido
2026-06-03 10:26:26,001 | INFO | robo_stur | Aguardando 3s — senha preenchida
2026-06-03 10:26:29,966 | INFO | robo_stur | Aguardando 3s — login enviado
2026-06-03 10:26:33,004 | WARNING | robo_stur | Sessão ativa detectada. Clicando em desbloquear usuário ativo...
2026-06-03 10:26:33,343 | INFO | robo_stur | Aguardando 3s — usuário desbloqueado
2026-06-03 10:26:36,347 | INFO | robo_stur | Login realizado.
2026-06-03 10:26:36,347 | INFO | robo_stur | Acessando Financeiro -> Conferências e Baixas -> Conferências e Baixas por Conferência
2026-06-03 10:26:36,725 | INFO | robo_stur | Aguardando 3s | hover no menu Financeiro
2026-06-03 10:26:40,096 | INFO | robo_stur | Aguardando 3s | hover no submenu Conferências e Baixas
2026-06-03 10:26:43,522 | WARNING | robo_stur | Menu por hover falhou. Tentando navegar direto via JavaScript.
Traceback (most recent call last):
  File "/Users/gabrielfornydesouzamuniz/Documents/projetos/robo_stabia/src/stur_financeiro_automation.py", line 72, in acessar_tela_conferencias_baixas
    self.page.locator(self.MENU_CONFERENCIAS_POR_CONFERENCIA).click()
    ~~~~~~~~~~~~~~~~~~~~~~~~~~~~~~~~~~~~~~~~~~~~~~~~~~~~~~~~~~~~~~~^^
  File "/Users/gabrielfornydesouzamuniz/Documents/projetos/robo_stabia/.venv/lib/python3.14/site-packages/playwright/sync_api/_generated.py", line 15573, in click
    self._sync(
    ~~~~~~~~~~^
        self._impl_obj.click(
        ^^^^^^^^^^^^^^^^^^^^^
    ...<9 lines>...
        )
        ^
    )
    ^
  File "/Users/gabrielfornydesouzamuniz/Documents/projetos/robo_stabia/.venv/lib/python3.14/site-packages/playwright/_impl/_sync_base.py", line 115, in _sync
    return task.result()
           ~~~~~~~~~~~^^
  File "/Users/gabrielfornydesouzamuniz/Documents/projetos/robo_stabia/.venv/lib/python3.14/site-packages/playwright/_impl/_locator.py", line 160, in click
    return await self._frame.click(self._selector, strict=True, **params)
           ^^^^^^^^^^^^^^^^^^^^^^^^^^^^^^^^^^^^^^^^^^^^^^^^^^^^^^^^^^^^^^
  File "/Users/gabrielfornydesouzamuniz/Documents/projetos/robo_stabia/.venv/lib/python3.14/site-packages/playwright/_impl/_frame.py", line 549, in click
    await self._channel.send("click", self._timeout, locals_to_params(locals()))
  File "/Users/gabrielfornydesouzamuniz/Documents/projetos/robo_stabia/.venv/lib/python3.14/site-packages/playwright/_impl/_connection.py", line 69, in send
    return await self._connection.wrap_api_call(
           ^^^^^^^^^^^^^^^^^^^^^^^^^^^^^^^^^^^^^
    ...<3 lines>...
    )
    ^
  File "/Users/gabrielfornydesouzamuniz/Documents/projetos/robo_stabia/.venv/lib/python3.14/site-packages/playwright/_impl/_connection.py", line 559, in wrap_api_call
    raise rewrite_error(error, f"{parsed_st['apiName']}: {error}") from None
playwright._impl._errors.Error: Locator.click: Error: strict mode violation: locator("a[href*=\"ListaConferencias.aspx?fcf\"]") resolved to 2 elements:
    1) <a class="UsrMenu1_Menu1_1 dynamicitemmenu UsrMenu1_Menu1_5" href="javascript:Redirecionar('ListaConferencias.aspx?fcf');">Conferências e Baixas por Conferência</a> aka get_by_role("link", name="Conferências e Baixas por")
    2) <a class="UsrMenuold_Menu1_1 dynamicitemmenu UsrMenuold_Menu1_5" href="javascript:__doPostBack('UsrMenuold$Menu1','Financeiro\\Conferências e Baixas\\ListaConferencias.aspx?fcf')">Conferências e Baixas por Conferência</a> aka locator("#UsrMenuold_Menu1n143Items").get_by_text("Conferências e Baixas por")

Call log:
  - waiting for locator("a[href*=\"ListaConferencias.aspx?fcf\"]")

2026-06-03 10:26:43,543 | INFO | robo_stur | Aguardando 3s | redirecionamento direto para ListaConferencias
2026-06-03 10:26:46,563 | INFO | robo_stur | Tela de Conferências e Baixas carregada.
2026-06-03 10:26:46,563 | INFO | robo_stur | Iniciando processamento do arquivo: /Users/gabrielfornydesouzamuniz/Documents/projetos/robo_stabia/input/CLARA MES 6.csv
2026-06-03 10:26:46,571 | INFO | robo_stur | Aba/tipo carregado: CSV | Colunas: ['Data da Transação', 'Extrato da conta', 'Transação', 'Valor original', 'Moeda original', 'Valor em R$', 'Cartão', 'Alias Do Cartão', 'Status', 'Status de aprovação', 'Nome do aprovador', 'Nota do aprovador', 'Código de autorização', 'Categoria da Compra', 'Recibo', 'Nome dos Recibos', 'Titular', 'Grupos', 'Localização', 'Etiquetas', 'Descrição', 'IA - Possui fatura?', 'IA - Verificação de fatura', 'IA - Verificado por:', 'IA - Possui recibo?', 'IA - Verificação de recibo', 'IA - Verificado por:.1', 'IA - Possui outro documento?', 'IA - Nº da Fatura', 'IA - Nome legal', 'IA - CNPJ do emissor', 'IA - Data da compra', 'IA - Hora da compra', 'IA - Moeda do documento', 'IA - Valor subtotal', 'IA - Percentual da gorjeta', 'IA - Gorjeta R$', 'IA - Percentual de IVA', 'IA - Valor do IVA R$', 'IA - Valor total pago R$', 'IA - Lista de Compras (conceito, quantidade, preço por unidade, Desconto (se aplicável), preço total)']
2026-06-03 10:26:46,581 | INFO | robo_stur | Total de linhas a processar: 49
2026-06-03 10:26:46,581 | INFO | robo_stur | LATAM: 5 | Outros: 44
2026-06-03 10:26:46,581 | INFO | robo_stur | Processando conferência LATAM: Clara 06/2026 - teste robo | 5 item(ns)
2026-06-03 10:26:46,581 | INFO | robo_stur | Limpando filtros da tela de conferências
2026-06-03 10:26:47,223 | INFO | robo_stur | Aguardando 3s | limpar search manualmente
2026-06-03 10:26:50,227 | INFO | robo_stur | Clicando na coluna: Descrição
2026-06-03 10:26:50,614 | INFO | robo_stur | Aguardando 3s | coluna Descrição selecionada
2026-06-03 10:26:53,617 | INFO | robo_stur | Preenchendo search: Clara 06/2026 - teste robo
2026-06-03 10:26:53,958 | INFO | robo_stur | Aguardando 3s | search limpo
2026-06-03 10:26:57,277 | INFO | robo_stur | Aguardando 3s | search preenchido
2026-06-03 10:27:00,608 | INFO | robo_stur | Aguardando 3s | pesquisa executada
2026-06-03 10:27:03,718 | INFO | robo_stur | Headers detectados: ['__COLUNA_VAZIA_0', 'Ações_1', 'Ações_2', 'Ações_3', 'Ações_4', 'Ações_5', 'Ações_6', 'Filial', 'Descrição', 'Fatura', 'Situação', 'Dt.Conferência', 'Parcela', 'Qtde Títulos', 'Valor', 'Dt.Vencto.', 'Dt.Baixa', 'Conta', 'Usuário Última alteração', 'Usuário Criação']
2026-06-03 10:27:03,719 | INFO | robo_stur | Quantidade de linhas retornadas: 0
2026-06-03 10:27:03,719 | INFO | robo_stur | Conferência 'Clara 06/2026 - teste robo' não encontrada. Criando nova.
2026-06-03 10:27:03,719 | INFO | robo_stur | Criando nova conferência | Descrição=Clara 06/2026 - teste robo | Fatura=15/06/2026
2026-06-03 10:27:04,056 | INFO | robo_stur | Aguardando 3s | clique em ImgNovo
2026-06-03 10:27:07,709 | INFO | robo_stur | Aguardando 3s | campos conferência preenchidos
2026-06-03 10:27:10,714 | INFO | robo_stur | Aguardando 3s | conferência aberta
2026-06-03 10:27:13,716 | INFO | robo_stur | Clicando em Adicionar Títulos
2026-06-03 10:27:14,080 | INFO | robo_stur | Aguardando 3s | Adicionar Títulos clicado
2026-06-03 10:27:17,445 | INFO | robo_stur | Aguardando 3s | Clientes selecionado
2026-06-03 10:27:20,863 | INFO | robo_stur | Aguardando 3s | Filtrar clicado
2026-06-03 10:27:23,865 | INFO | robo_stur | Aguardando 3s | aguardando lista de títulos
2026-06-03 10:27:26,871 | INFO | robo_stur | Verificando coluna Localizador na sub-tela de títulos
2026-06-03 10:27:26,910 | INFO | robo_stur | Coluna Localizador já visível
2026-06-03 10:27:26,910 | INFO | robo_stur | Buscando localizador nos títulos: SQOZBP
2026-06-03 10:27:26,910 | INFO | robo_stur | Clicando na coluna: Localizador
2026-06-03 10:27:27,309 | INFO | robo_stur | Aguardando 3s | coluna Localizador selecionada
2026-06-03 10:27:30,313 | INFO | robo_stur | Preenchendo search: SQOZBP
2026-06-03 10:27:30,653 | INFO | robo_stur | Aguardando 3s | search limpo
2026-06-03 10:27:33,971 | INFO | robo_stur | Aguardando 3s | search preenchido
2026-06-03 10:27:37,296 | INFO | robo_stur | Aguardando 3s | pesquisa executada
2026-06-03 10:27:40,335 | WARNING | robo_stur | Localizador SQOZBP não encontrado nos títulos
2026-06-03 10:27:40,335 | INFO | robo_stur | Limpando filtros da tela de conferências
2026-06-03 10:27:40,971 | INFO | robo_stur | Aguardando 3s | limpar search manualmente
2026-06-03 10:27:43,979 | INFO | robo_stur | Buscando localizador nos títulos: HNJAXE
2026-06-03 10:27:43,980 | INFO | robo_stur | Clicando na coluna: Localizador
2026-06-03 10:27:44,340 | INFO | robo_stur | Aguardando 3s | coluna Localizador selecionada
2026-06-03 10:27:47,345 | INFO | robo_stur | Preenchendo search: HNJAXE
2026-06-03 10:27:47,664 | INFO | robo_stur | Aguardando 3s | search limpo
2026-06-03 10:27:50,980 | INFO | robo_stur | Aguardando 3s | search preenchido
2026-06-03 10:27:54,302 | INFO | robo_stur | Aguardando 3s | pesquisa executada
2026-06-03 10:27:57,326 | WARNING | robo_stur | Localizador HNJAXE não encontrado nos títulos
2026-06-03 10:27:57,326 | INFO | robo_stur | Limpando filtros da tela de conferências
2026-06-03 10:27:57,960 | INFO | robo_stur | Aguardando 3s | limpar search manualmente
2026-06-03 10:28:00,965 | INFO | robo_stur | Buscando localizador nos títulos: GXMNCV
2026-06-03 10:28:00,967 | INFO | robo_stur | Clicando na coluna: Localizador
2026-06-03 10:28:01,339 | INFO | robo_stur | Aguardando 3s | coluna Localizador selecionada
2026-06-03 10:28:04,343 | INFO | robo_stur | Preenchendo search: GXMNCV
2026-06-03 10:28:04,685 | INFO | robo_stur | Aguardando 3s | search limpo
2026-06-03 10:28:08,004 | INFO | robo_stur | Aguardando 3s | search preenchido
2026-06-03 10:28:11,328 | INFO | robo_stur | Aguardando 3s | pesquisa executada
2026-06-03 10:28:14,366 | WARNING | robo_stur | Localizador GXMNCV não encontrado nos títulos
2026-06-03 10:28:14,366 | INFO | robo_stur | Limpando filtros da tela de conferências
2026-06-03 10:28:15,053 | INFO | robo_stur | Aguardando 3s | limpar search manualmente
2026-06-03 10:28:18,056 | INFO | robo_stur | Buscando localizador nos títulos: WGUQJO
2026-06-03 10:28:18,057 | INFO | robo_stur | Clicando na coluna: Localizador
2026-06-03 10:28:18,421 | INFO | robo_stur | Aguardando 3s | coluna Localizador selecionada
2026-06-03 10:28:21,424 | INFO | robo_stur | Preenchendo search: WGUQJO
2026-06-03 10:28:21,761 | INFO | robo_stur | Aguardando 3s | search limpo
2026-06-03 10:28:25,077 | INFO | robo_stur | Aguardando 3s | search preenchido
2026-06-03 10:28:28,397 | INFO | robo_stur | Aguardando 3s | pesquisa executada
2026-06-03 10:28:31,437 | WARNING | robo_stur | Localizador WGUQJO não encontrado nos títulos
2026-06-03 10:28:31,437 | INFO | robo_stur | Limpando filtros da tela de conferências
2026-06-03 10:28:32,073 | INFO | robo_stur | Aguardando 3s | limpar search manualmente
2026-06-03 10:28:35,078 | INFO | robo_stur | Buscando localizador nos títulos: WIPOEV
2026-06-03 10:28:35,079 | INFO | robo_stur | Clicando na coluna: Localizador
2026-06-03 10:28:35,455 | INFO | robo_stur | Aguardando 3s | coluna Localizador selecionada
2026-06-03 10:28:38,457 | INFO | robo_stur | Preenchendo search: WIPOEV
2026-06-03 10:28:38,792 | INFO | robo_stur | Aguardando 3s | search limpo
2026-06-03 10:28:42,111 | INFO | robo_stur | Aguardando 3s | search preenchido
2026-06-03 10:28:45,435 | INFO | robo_stur | Aguardando 3s | pesquisa executada
2026-06-03 10:28:48,474 | WARNING | robo_stur | Localizador WIPOEV não encontrado nos títulos
2026-06-03 10:28:48,475 | INFO | robo_stur | Limpando filtros da tela de conferências
2026-06-03 10:28:49,107 | INFO | robo_stur | Aguardando 3s | limpar search manualmente
2026-06-03 10:28:52,113 | INFO | robo_stur | Gravando títulos selecionados
2026-06-03 10:28:52,516 | INFO | robo_stur | Aguardando 3s | títulos gravados
2026-06-03 10:28:55,522 | INFO | robo_stur | Aguardando 3s | aguardando retorno à conferência
2026-06-03 10:28:58,526 | INFO | robo_stur | Gravando conferência
2026-06-03 10:28:58,905 | INFO | robo_stur | Aguardando 3s | conferência gravada
2026-06-03 10:29:01,907 | INFO | robo_stur | Aguardando 3s | aguardando retorno à lista
2026-06-03 10:29:05,028 | INFO | robo_stur | Backup parcial salvo após LATAM em: /Users/gabrielfornydesouzamuniz/Documents/projetos/robo_stabia/output/CLARA MES 6_processado.xlsx
2026-06-03 10:29:05,028 | INFO | robo_stur | Acessando Financeiro -> Conferências e Baixas -> Conferências e Baixas por Conferência
2026-06-03 10:29:05,388 | INFO | robo_stur | Aguardando 3s | hover no menu Financeiro
2026-06-03 10:29:08,756 | INFO | robo_stur | Aguardando 3s | hover no submenu Conferências e Baixas
2026-06-03 10:29:12,181 | WARNING | robo_stur | Menu por hover falhou. Tentando navegar direto via JavaScript.
Traceback (most recent call last):
  File "/Users/gabrielfornydesouzamuniz/Documents/projetos/robo_stabia/src/stur_financeiro_automation.py", line 72, in acessar_tela_conferencias_baixas
    self.page.locator(self.MENU_CONFERENCIAS_POR_CONFERENCIA).click()
    ~~~~~~~~~~~~~~~~~~~~~~~~~~~~~~~~~~~~~~~~~~~~~~~~~~~~~~~~~~~~~~~^^
  File "/Users/gabrielfornydesouzamuniz/Documents/projetos/robo_stabia/.venv/lib/python3.14/site-packages/playwright/sync_api/_generated.py", line 15573, in click
    self._sync(
    ~~~~~~~~~~^
        self._impl_obj.click(
        ^^^^^^^^^^^^^^^^^^^^^
    ...<9 lines>...
        )
        ^
    )
    ^
  File "/Users/gabrielfornydesouzamuniz/Documents/projetos/robo_stabia/.venv/lib/python3.14/site-packages/playwright/_impl/_sync_base.py", line 115, in _sync
    return task.result()
           ~~~~~~~~~~~^^
  File "/Users/gabrielfornydesouzamuniz/Documents/projetos/robo_stabia/.venv/lib/python3.14/site-packages/playwright/_impl/_locator.py", line 160, in click
    return await self._frame.click(self._selector, strict=True, **params)
           ^^^^^^^^^^^^^^^^^^^^^^^^^^^^^^^^^^^^^^^^^^^^^^^^^^^^^^^^^^^^^^
  File "/Users/gabrielfornydesouzamuniz/Documents/projetos/robo_stabia/.venv/lib/python3.14/site-packages/playwright/_impl/_frame.py", line 549, in click
    await self._channel.send("click", self._timeout, locals_to_params(locals()))
  File "/Users/gabrielfornydesouzamuniz/Documents/projetos/robo_stabia/.venv/lib/python3.14/site-packages/playwright/_impl/_connection.py", line 69, in send
    return await self._connection.wrap_api_call(
           ^^^^^^^^^^^^^^^^^^^^^^^^^^^^^^^^^^^^^
    ...<3 lines>...
    )
    ^
  File "/Users/gabrielfornydesouzamuniz/Documents/projetos/robo_stabia/.venv/lib/python3.14/site-packages/playwright/_impl/_connection.py", line 559, in wrap_api_call
    raise rewrite_error(error, f"{parsed_st['apiName']}: {error}") from None
playwright._impl._errors.Error: Locator.click: Error: strict mode violation: locator("a[href*=\"ListaConferencias.aspx?fcf\"]") resolved to 2 elements:
    1) <a class="UsrMenu1_Menu1_1 dynamicitemmenu UsrMenu1_Menu1_5" href="javascript:Redirecionar('ListaConferencias.aspx?fcf');">Conferências e Baixas por Conferência</a> aka get_by_role("link", name="Conferências e Baixas por")
    2) <a class="UsrMenuold_Menu1_1 dynamicitemmenu UsrMenuold_Menu1_5" href="javascript:__doPostBack('UsrMenuold$Menu1','Financeiro\\Conferências e Baixas\\ListaConferencias.aspx?fcf')">Conferências e Baixas por Conferência</a> aka locator("#UsrMenuold_Menu1n143Items").get_by_text("Conferências e Baixas por")

Call log:
  - waiting for locator("a[href*=\"ListaConferencias.aspx?fcf\"]")

2026-06-03 10:29:12,193 | INFO | robo_stur | Aguardando 3s | redirecionamento direto para ListaConferencias
2026-06-03 10:29:15,239 | INFO | robo_stur | Tela de Conferências e Baixas carregada.
2026-06-03 10:29:15,259 | INFO | robo_stur | Arquivo salvo: /Users/gabrielfornydesouzamuniz/Documents/projetos/robo_stabia/output/CLARA MES 6_processado.xlsx
2026-06-03 10:29:15,260 | INFO | robo_stur | Acessando Financeiro -> Conferências e Baixas -> Conferências e Baixas por Conferência
2026-06-03 10:29:15,601 | INFO | robo_stur | Aguardando 3s | hover no menu Financeiro
2026-06-03 10:29:18,970 | INFO | robo_stur | Aguardando 3s | hover no submenu Conferências e Baixas
2026-06-03 10:29:22,379 | WARNING | robo_stur | Menu por hover falhou. Tentando navegar direto via JavaScript.
Traceback (most recent call last):
  File "/Users/gabrielfornydesouzamuniz/Documents/projetos/robo_stabia/src/stur_financeiro_automation.py", line 72, in acessar_tela_conferencias_baixas
    self.page.locator(self.MENU_CONFERENCIAS_POR_CONFERENCIA).click()
    ~~~~~~~~~~~~~~~~~~~~~~~~~~~~~~~~~~~~~~~~~~~~~~~~~~~~~~~~~~~~~~~^^
  File "/Users/gabrielfornydesouzamuniz/Documents/projetos/robo_stabia/.venv/lib/python3.14/site-packages/playwright/sync_api/_generated.py", line 15573, in click
    self._sync(
    ~~~~~~~~~~^
        self._impl_obj.click(
        ^^^^^^^^^^^^^^^^^^^^^
    ...<9 lines>...
        )
        ^
    )
    ^
  File "/Users/gabrielfornydesouzamuniz/Documents/projetos/robo_stabia/.venv/lib/python3.14/site-packages/playwright/_impl/_sync_base.py", line 115, in _sync
    return task.result()
           ~~~~~~~~~~~^^
  File "/Users/gabrielfornydesouzamuniz/Documents/projetos/robo_stabia/.venv/lib/python3.14/site-packages/playwright/_impl/_locator.py", line 160, in click
    return await self._frame.click(self._selector, strict=True, **params)
           ^^^^^^^^^^^^^^^^^^^^^^^^^^^^^^^^^^^^^^^^^^^^^^^^^^^^^^^^^^^^^^
  File "/Users/gabrielfornydesouzamuniz/Documents/projetos/robo_stabia/.venv/lib/python3.14/site-packages/playwright/_impl/_frame.py", line 549, in click
    await self._channel.send("click", self._timeout, locals_to_params(locals()))
  File "/Users/gabrielfornydesouzamuniz/Documents/projetos/robo_stabia/.venv/lib/python3.14/site-packages/playwright/_impl/_connection.py", line 69, in send
    return await self._connection.wrap_api_call(
           ^^^^^^^^^^^^^^^^^^^^^^^^^^^^^^^^^^^^^
    ...<3 lines>...
    )
    ^
  File "/Users/gabrielfornydesouzamuniz/Documents/projetos/robo_stabia/.venv/lib/python3.14/site-packages/playwright/_impl/_connection.py", line 559, in wrap_api_call
    raise rewrite_error(error, f"{parsed_st['apiName']}: {error}") from None
playwright._impl._errors.Error: Locator.click: Error: strict mode violation: locator("a[href*=\"ListaConferencias.aspx?fcf\"]") resolved to 2 elements:
    1) <a class="UsrMenu1_Menu1_1 dynamicitemmenu UsrMenu1_Menu1_5" href="javascript:Redirecionar('ListaConferencias.aspx?fcf');">Conferências e Baixas por Conferência</a> aka get_by_role("link", name="Conferências e Baixas por")
    2) <a class="UsrMenuold_Menu1_1 dynamicitemmenu UsrMenuold_Menu1_5" href="javascript:__doPostBack('UsrMenuold$Menu1','Financeiro\\Conferências e Baixas\\ListaConferencias.aspx?fcf')">Conferências e Baixas por Conferência</a> aka locator("#UsrMenuold_Menu1n143Items").get_by_text("Conferências e Baixas por")

Call log:
  - waiting for locator("a[href*=\"ListaConferencias.aspx?fcf\"]")

2026-06-03 10:29:22,383 | INFO | robo_stur | Aguardando 3s | redirecionamento direto para ListaConferencias
2026-06-03 10:29:25,423 | INFO | robo_stur | Tela de Conferências e Baixas carregada.
