2026-06-12 00:37:10,448 | INFO | robo_stur | Log iniciado em: /Users/gabrielfornydesouzamuniz/Documents/projetos/robo_stabia/logs/robo_stur_20260612_003710.log
2026-06-12 00:37:10,448 | INFO | robo_stur | Iniciando processamento — fluxo LATAM: Vendas + Conferências
2026-06-12 00:37:10,448 | INFO | robo_stur | Arquivos recebidos: ['/Users/gabrielfornydesouzamuniz/Documents/automacao-stur/CLARA MES 6.csv']
2026-06-12 00:37:11,853 | INFO | robo_stur | Acessando STUR: https://ww3.sturweb.com.br/STABIATURISMO/Login.aspx
2026-06-12 00:37:23,471 | INFO | robo_stur | Aguardando 3s — usuário preenchido
2026-06-12 00:37:26,805 | INFO | robo_stur | Aguardando 3s — senha preenchida
2026-06-12 00:37:31,703 | INFO | robo_stur | Aguardando 3s — login enviado
2026-06-12 00:37:37,712 | INFO | robo_stur | Login realizado.
2026-06-12 00:37:37,714 | INFO | robo_stur | Acessando Operacional -> Vendas
2026-06-12 00:37:38,070 | INFO | robo_stur | Aguardando 3s — hover no menu Operacional
2026-06-12 00:37:41,436 | INFO | robo_stur | Aguardando 3s — tela de Vendas carregando
2026-06-12 00:37:45,275 | INFO | robo_stur | Tela de Vendas pronta.
2026-06-12 00:37:45,276 | INFO | robo_stur | Verificando coluna Localizador na tela de Vendas
2026-06-12 00:37:45,298 | INFO | robo_stur | Coluna Localizador já visível na tela de Vendas
2026-06-12 00:37:45,298 | INFO | robo_stur | Iniciando processamento do arquivo: /Users/gabrielfornydesouzamuniz/Documents/automacao-stur/CLARA MES 6.csv
2026-06-12 00:37:45,315 | INFO | robo_stur | Aba/tipo carregado: CSV | Colunas: ['Data da Transação', 'Extrato da conta', 'Transação', 'Valor original', 'Moeda original', 'Valor em R$', 'Cartão', 'Alias Do Cartão', 'Status', 'Status de aprovação', 'Nome do aprovador', 'Nota do aprovador', 'Código de autorização', 'Categoria da Compra', 'Recibo', 'Nome dos Recibos', 'Titular', 'Grupos', 'Localização', 'Etiquetas', 'Descrição', 'IA - Possui fatura?', 'IA - Verificação de fatura', 'IA - Verificado por:', 'IA - Possui recibo?', 'IA - Verificação de recibo', 'IA - Verificado por:.1', 'IA - Possui outro documento?', 'IA - Nº da Fatura', 'IA - Nome legal', 'IA - CNPJ do emissor', 'IA - Data da compra', 'IA - Hora da compra', 'IA - Moeda do documento', 'IA - Valor subtotal', 'IA - Percentual da gorjeta', 'IA - Gorjeta R$', 'IA - Percentual de IVA', 'IA - Valor do IVA R$', 'IA - Valor total pago R$', 'IA - Lista de Compras (conceito, quantidade, preço por unidade, Desconto (se aplicável), preço total)']
2026-06-12 00:37:45,332 | INFO | robo_stur | Total de linhas a processar: 49
2026-06-12 00:37:45,332 | INFO | robo_stur | LATAM: 5 | Outros (ignorados nesta versão): 44
2026-06-12 00:37:45,332 | INFO | robo_stur | === FASE 1: Vendas ===
2026-06-12 00:37:45,332 | INFO | robo_stur | Buscando localizador nas Vendas: SQOZBP
2026-06-12 00:37:45,332 | INFO | robo_stur | Estratégia LATAM: buscar Localizador=SQOZBP
2026-06-12 00:37:45,332 | INFO | robo_stur | Limpando filtros para começar próximo passo/item
2026-06-12 00:37:45,340 | WARNING | robo_stur | Botão Limpar/Cancelar filtro não encontrado. Limpando campo search manualmente.
2026-06-12 00:37:45,649 | INFO | robo_stur | Aguardando 3s — campo search limpo manualmente
2026-06-12 00:37:48,669 | INFO | robo_stur | Clicando na coluna: Localizador
2026-06-12 00:37:49,045 | INFO | robo_stur | Aguardando 3s — coluna Localizador selecionada
2026-06-12 00:37:52,049 | INFO | robo_stur | Preenchendo search com: SQOZBP
2026-06-12 00:37:52,736 | INFO | robo_stur | Aguardando 3s — campo search limpo
2026-06-12 00:37:56,056 | INFO | robo_stur | Aguardando 3s — campo search preenchido
2026-06-12 00:37:59,061 | INFO | robo_stur | Clicando no botão de pesquisar
2026-06-12 00:37:59,441 | INFO | robo_stur | Aguardando 3s — pesquisa enviada
2026-06-12 00:38:02,447 | INFO | robo_stur | Aguardando 3s — consulta por Localizador
2026-06-12 00:38:05,454 | INFO | robo_stur | Validando resultados da tabela. Origem=Localizador
2026-06-12 00:38:05,642 | INFO | robo_stur | Colunas detectadas: ['Ações_1', 'Ações_2', 'Ações_3', 'Ações_4', 'Ações_5', 'Ações_6', 'Ações_7', '__COLUNA_VAZIA_1', 'Venda', 'Situação', 'Cliente', 'CNPJ/CPF', 'Produto', 'Fornecedor', 'Fornecedor Serviço', 'CNPJ Fornecedor Serviço', 'Destino', 'Data de Emissão', 'Data de Confirmação', 'Emissor', 'Promotor', 'Coordenador', 'Auxiliar', 'Localizador', 'No. Confirmação', 'Seq. EBTA', 'Início', 'Término', 'Cód. Integração', 'File', 'C. de Custos Filial', 'Solicitante', 'Filial', 'C. de Custos Cliente', 'Setor Cliente', 'Projeto', 'Autorizador', 'Atividade', 'Total Cliente', 'Total Fornecedor', 'Número Pré-Venda', 'Id RM', 'Status Exp. RM', 'Tipo Cliente', 'Comis.AGT. Viagem', 'Grupo Cliente', 'Integração']
2026-06-12 00:38:05,787 | INFO | robo_stur | Status bruto lido para Venda=00031289: 'FECHADA'
2026-06-12 00:38:05,787 | INFO | robo_stur | Candidato coletado | Venda=00031289 | Status=FECHADA | Fornecedor=LATAM | Forn.Serviço=LATAM | Emissão=18/05/2026 | Início=None | Término=None | TotalCliente=1446.52 | TotalFornecedor=1420.12
2026-06-12 00:38:05,787 | INFO | robo_stur | Total de candidatos coletados: 1
2026-06-12 00:38:05,787 | INFO | robo_stur | Localizador SQOZBP → Venda=00031289 | TotalForn=1420.12
2026-06-12 00:38:05,788 | INFO | robo_stur | Venda validada. Status=FECHADA | Venda=00031289 | Linha tabela=1
2026-06-12 00:38:05,788 | INFO | robo_stur | Iniciando fluxo FECHADA | Venda=00031289
2026-06-12 00:38:05,788 | INFO | robo_stur | Abrindo edição da venda na linha da tabela: 1
2026-06-12 00:38:06,103 | INFO | robo_stur | Aguardando 3s — abrir tela de edição da venda
2026-06-12 00:38:13,026 | INFO | robo_stur | Tela de edição da venda carregada.
2026-06-12 00:38:13,027 | INFO | robo_stur | Verificando pagamentos de fornecedor existentes para excluir.
2026-06-12 00:38:13,042 | INFO | robo_stur | Excluindo pagamento de fornecedor existente.
2026-06-12 00:38:13,355 | INFO | robo_stur | Aguardando 3s — pagamento fornecedor excluído
2026-06-12 00:38:16,364 | INFO | robo_stur | Pagamentos de fornecedor existentes removidos.
2026-06-12 00:38:16,364 | INFO | robo_stur | Verificando recebimentos existentes.
2026-06-12 00:38:16,377 | INFO | robo_stur | Abrindo edição do recebimento existente.
2026-06-12 00:38:18,729 | INFO | robo_stur | Aguardando 3s — abrir modal recebimento
2026-06-12 00:38:21,766 | INFO | robo_stur | Radio Faturado já selecionado.
2026-06-12 00:38:22,083 | INFO | robo_stur | Aguardando 3s — OK recebimento clicado
2026-06-12 00:38:25,089 | INFO | robo_stur | Recebimento ajustado para Faturado.
2026-06-12 00:38:25,090 | INFO | robo_stur | Abrindo novo pagamento do fornecedor via botão +.
2026-06-12 00:38:27,407 | INFO | robo_stur | Aguardando 3s — novo pagamento aberto
2026-06-12 00:38:30,431 | INFO | robo_stur | Modal de novo pagamento aberto.
2026-06-12 00:38:30,431 | INFO | robo_stur | Selecionando forma de pagamento: Cartão de Crédito Agência.
2026-06-12 00:38:30,753 | INFO | robo_stur | Aguardando 3s — forma Cartão de Crédito Agência selecionada
2026-06-12 00:38:33,758 | INFO | robo_stur | Selecionando titular: Fabio Antununcio - CARTÃO DIGITAL.
2026-06-12 00:38:34,098 | INFO | robo_stur | Aguardando 3s — titular do cartão selecionado
2026-06-12 00:38:37,434 | INFO | robo_stur | Aguardando 3s — número do cartão sincronizado
2026-06-12 00:38:40,465 | INFO | robo_stur | Preenchendo Cód. Autorização: 837080
2026-06-12 00:38:41,096 | INFO | robo_stur | Aguardando 3s — código de autorização preenchido
2026-06-12 00:38:44,101 | INFO | robo_stur | Confirmando modal de pagamento no botão OK (vencimento mantido como está no STUR).
2026-06-12 00:38:44,431 | INFO | robo_stur | Aguardando 3s — OK do pagamento clicado
2026-06-12 00:38:47,436 | INFO | robo_stur | Gravando venda.
2026-06-12 00:38:47,826 | INFO | robo_stur | Aguardando 3s — venda gravada
2026-06-12 00:38:50,844 | INFO | robo_stur | STUR já retornou para a listagem automaticamente após gravar.
2026-06-12 00:38:50,847 | INFO | robo_stur | Buscando localizador nas Vendas: HNJAXE
2026-06-12 00:38:50,847 | INFO | robo_stur | Estratégia LATAM: buscar Localizador=HNJAXE
2026-06-12 00:38:50,847 | INFO | robo_stur | Limpando filtros para começar próximo passo/item
2026-06-12 00:38:51,194 | INFO | robo_stur | Aguardando 3s — limpar filtros clicado
2026-06-12 00:38:54,225 | INFO | robo_stur | Clicando na coluna: Localizador
2026-06-12 00:38:54,590 | INFO | robo_stur | Aguardando 3s — coluna Localizador selecionada
2026-06-12 00:38:57,593 | INFO | robo_stur | Preenchendo search com: HNJAXE
2026-06-12 00:38:58,288 | INFO | robo_stur | Aguardando 3s — campo search limpo
2026-06-12 00:39:01,617 | INFO | robo_stur | Aguardando 3s — campo search preenchido
2026-06-12 00:39:04,621 | INFO | robo_stur | Clicando no botão de pesquisar
2026-06-12 00:39:04,978 | INFO | robo_stur | Aguardando 3s — pesquisa enviada
2026-06-12 00:39:07,982 | INFO | robo_stur | Aguardando 3s — consulta por Localizador
2026-06-12 00:39:10,987 | INFO | robo_stur | Validando resultados da tabela. Origem=Localizador
2026-06-12 00:39:11,173 | INFO | robo_stur | Colunas detectadas: ['Ações_1', 'Ações_2', 'Ações_3', 'Ações_4', 'Ações_5', 'Ações_6', 'Ações_7', '__COLUNA_VAZIA_1', 'Venda', 'Situação', 'Cliente', 'CNPJ/CPF', 'Produto', 'Fornecedor', 'Fornecedor Serviço', 'CNPJ Fornecedor Serviço', 'Destino', 'Data de Emissão', 'Data de Confirmação', 'Emissor', 'Promotor', 'Coordenador', 'Auxiliar', 'Localizador', 'No. Confirmação', 'Seq. EBTA', 'Início', 'Término', 'Cód. Integração', 'File', 'C. de Custos Filial', 'Solicitante', 'Filial', 'C. de Custos Cliente', 'Setor Cliente', 'Projeto', 'Autorizador', 'Atividade', 'Total Cliente', 'Total Fornecedor', 'Número Pré-Venda', 'Id RM', 'Status Exp. RM', 'Tipo Cliente', 'Comis.AGT. Viagem', 'Grupo Cliente', 'Integração']
2026-06-12 00:39:11,303 | INFO | robo_stur | Status bruto lido para Venda=00031062: 'FECHADA'
2026-06-12 00:39:11,304 | INFO | robo_stur | Candidato coletado | Venda=00031062 | Status=FECHADA | Fornecedor=LATAM | Forn.Serviço=LATAM | Emissão=15/05/2026 | Início=None | Término=None | TotalCliente=4536.30 | TotalFornecedor=4509.90
2026-06-12 00:39:11,304 | INFO | robo_stur | Total de candidatos coletados: 1
2026-06-12 00:39:11,304 | INFO | robo_stur | Localizador HNJAXE → Venda=00031062 | TotalForn=4509.90
2026-06-12 00:39:11,304 | INFO | robo_stur | Venda validada. Status=FECHADA | Venda=00031062 | Linha tabela=1
2026-06-12 00:39:11,304 | INFO | robo_stur | Iniciando fluxo FECHADA | Venda=00031062
2026-06-12 00:39:11,304 | INFO | robo_stur | Abrindo edição da venda na linha da tabela: 1
2026-06-12 00:39:11,622 | INFO | robo_stur | Aguardando 3s — abrir tela de edição da venda
2026-06-12 00:39:15,964 | INFO | robo_stur | Tela de edição da venda carregada.
2026-06-12 00:39:15,964 | INFO | robo_stur | Verificando pagamentos de fornecedor existentes para excluir.
2026-06-12 00:39:15,980 | INFO | robo_stur | Excluindo pagamento de fornecedor existente.
2026-06-12 00:39:16,296 | INFO | robo_stur | Aguardando 3s — pagamento fornecedor excluído
2026-06-12 00:39:19,315 | INFO | robo_stur | Pagamentos de fornecedor existentes removidos.
2026-06-12 00:39:19,316 | INFO | robo_stur | Verificando recebimentos existentes.
2026-06-12 00:39:19,336 | INFO | robo_stur | Abrindo edição do recebimento existente.
2026-06-12 00:39:21,679 | INFO | robo_stur | Aguardando 3s — abrir modal recebimento
2026-06-12 00:39:24,708 | INFO | robo_stur | Radio Faturado já selecionado.
2026-06-12 00:39:25,032 | INFO | robo_stur | Aguardando 3s — OK recebimento clicado
2026-06-12 00:39:28,037 | INFO | robo_stur | Recebimento ajustado para Faturado.
2026-06-12 00:39:28,038 | INFO | robo_stur | Abrindo novo pagamento do fornecedor via botão +.
2026-06-12 00:39:30,378 | INFO | robo_stur | Aguardando 3s — novo pagamento aberto
2026-06-12 00:39:33,397 | INFO | robo_stur | Modal de novo pagamento aberto.
2026-06-12 00:39:33,397 | INFO | robo_stur | Selecionando forma de pagamento: Cartão de Crédito Agência.
2026-06-12 00:39:33,716 | INFO | robo_stur | Aguardando 3s — forma Cartão de Crédito Agência selecionada
2026-06-12 00:39:36,721 | INFO | robo_stur | Selecionando titular: Fabio Antununcio - CARTÃO DIGITAL.
2026-06-12 00:39:37,056 | INFO | robo_stur | Aguardando 3s — titular do cartão selecionado
2026-06-12 00:39:40,390 | INFO | robo_stur | Aguardando 3s — número do cartão sincronizado
2026-06-12 00:39:43,421 | INFO | robo_stur | Preenchendo Cód. Autorização: 778905
2026-06-12 00:39:44,052 | INFO | robo_stur | Aguardando 3s — código de autorização preenchido
2026-06-12 00:39:47,057 | INFO | robo_stur | Confirmando modal de pagamento no botão OK (vencimento mantido como está no STUR).
2026-06-12 00:39:47,397 | INFO | robo_stur | Aguardando 3s — OK do pagamento clicado
2026-06-12 00:39:50,402 | INFO | robo_stur | Gravando venda.
2026-06-12 00:39:50,792 | INFO | robo_stur | Aguardando 3s — venda gravada
2026-06-12 00:39:53,828 | WARNING | robo_stur | Venda já faturada. Navegando de volta. Mensagem: Problemas na gravação: Alteração e exclusão da forma de recebimento não permitidos: Recebimento já faturado.
2026-06-12 00:39:54,149 | INFO | robo_stur | Aguardando 3s — LnkRetorno clicado
2026-06-12 00:39:59,391 | INFO | robo_stur | Aguardando 3s — voltar para listagem após faturado
2026-06-12 00:40:02,420 | WARNING | robo_stur | Venda 00031062 já faturada — marcando e seguindo.
2026-06-12 00:40:02,422 | INFO | robo_stur | Buscando localizador nas Vendas: GXMNCV
2026-06-12 00:40:02,423 | INFO | robo_stur | Estratégia LATAM: buscar Localizador=GXMNCV
2026-06-12 00:40:02,423 | INFO | robo_stur | Limpando filtros para começar próximo passo/item
2026-06-12 00:40:02,783 | INFO | robo_stur | Aguardando 3s — limpar filtros clicado
2026-06-12 00:40:05,818 | INFO | robo_stur | Clicando na coluna: Localizador
2026-06-12 00:40:06,167 | INFO | robo_stur | Aguardando 3s — coluna Localizador selecionada
2026-06-12 00:40:09,170 | INFO | robo_stur | Preenchendo search com: GXMNCV
2026-06-12 00:40:09,860 | INFO | robo_stur | Aguardando 3s — campo search limpo
2026-06-12 00:40:13,182 | INFO | robo_stur | Aguardando 3s — campo search preenchido
2026-06-12 00:40:16,186 | INFO | robo_stur | Clicando no botão de pesquisar
2026-06-12 00:40:16,557 | INFO | robo_stur | Aguardando 3s — pesquisa enviada
2026-06-12 00:40:19,560 | INFO | robo_stur | Aguardando 3s — consulta por Localizador
2026-06-12 00:40:22,563 | INFO | robo_stur | Validando resultados da tabela. Origem=Localizador
2026-06-12 00:40:22,738 | INFO | robo_stur | Colunas detectadas: ['Ações_1', 'Ações_2', 'Ações_3', 'Ações_4', 'Ações_5', 'Ações_6', 'Ações_7', '__COLUNA_VAZIA_1', 'Venda', 'Situação', 'Cliente', 'CNPJ/CPF', 'Produto', 'Fornecedor', 'Fornecedor Serviço', 'CNPJ Fornecedor Serviço', 'Destino', 'Data de Emissão', 'Data de Confirmação', 'Emissor', 'Promotor', 'Coordenador', 'Auxiliar', 'Localizador', 'No. Confirmação', 'Seq. EBTA', 'Início', 'Término', 'Cód. Integração', 'File', 'C. de Custos Filial', 'Solicitante', 'Filial', 'C. de Custos Cliente', 'Setor Cliente', 'Projeto', 'Autorizador', 'Atividade', 'Total Cliente', 'Total Fornecedor', 'Número Pré-Venda', 'Id RM', 'Status Exp. RM', 'Tipo Cliente', 'Comis.AGT. Viagem', 'Grupo Cliente', 'Integração']
2026-06-12 00:40:22,871 | INFO | robo_stur | Status bruto lido para Venda=00031211: 'CONFIRMADA'
2026-06-12 00:40:22,871 | INFO | robo_stur | Candidato coletado | Venda=00031211 | Status=CONFIRMADA | Fornecedor=LATAM | Forn.Serviço=LATAM | Emissão=15/05/2026 | Início=None | Término=None | TotalCliente=3396.78 | TotalFornecedor=3370.38
2026-06-12 00:40:22,871 | INFO | robo_stur | Total de candidatos coletados: 1
2026-06-12 00:40:22,871 | INFO | robo_stur | Localizador GXMNCV → Venda=00031211 | TotalForn=3370.38
2026-06-12 00:40:22,871 | INFO | robo_stur | Venda validada. Status=CONFIRMADA | Venda=00031211 | Linha tabela=1
2026-06-12 00:40:22,871 | INFO | robo_stur | Abrindo edição da venda na linha da tabela: 1
2026-06-12 00:40:23,185 | INFO | robo_stur | Aguardando 3s — abrir tela de edição da venda
2026-06-12 00:40:29,084 | INFO | robo_stur | Tela de edição da venda carregada.
2026-06-12 00:40:29,084 | INFO | robo_stur | Abrindo edição do primeiro pagamento do fornecedor.
2026-06-12 00:40:31,441 | INFO | robo_stur | Aguardando 3s — abrir modal de pagamento (tentativa 1)
2026-06-12 00:40:34,465 | INFO | robo_stur | Modal de pagamento do fornecedor aberto.
2026-06-12 00:40:34,465 | INFO | robo_stur | Selecionando forma de pagamento: Cartão de Crédito Agência.
2026-06-12 00:40:34,786 | INFO | robo_stur | Aguardando 3s — forma Cartão de Crédito Agência selecionada
2026-06-12 00:40:37,791 | INFO | robo_stur | Selecionando titular: Fabio Antununcio - CARTÃO DIGITAL.
2026-06-12 00:40:38,126 | INFO | robo_stur | Aguardando 3s — titular do cartão selecionado
2026-06-12 00:40:41,458 | INFO | robo_stur | Aguardando 3s — número do cartão sincronizado
2026-06-12 00:40:44,492 | INFO | robo_stur | Cód. Autorização já preenchido ('793799'). Mantendo.
2026-06-12 00:40:44,492 | INFO | robo_stur | Confirmando modal de pagamento no botão OK (vencimento mantido como está no STUR).
2026-06-12 00:40:44,807 | INFO | robo_stur | Aguardando 3s — OK do pagamento clicado
2026-06-12 00:40:47,811 | INFO | robo_stur | Gravando venda.
2026-06-12 00:40:48,197 | INFO | robo_stur | Aguardando 3s — venda gravada
2026-06-12 00:40:51,236 | INFO | robo_stur | STUR já retornou para a listagem automaticamente após gravar.
2026-06-12 00:40:51,236 | INFO | robo_stur | Buscando localizador nas Vendas: WGUQJO
2026-06-12 00:40:51,236 | INFO | robo_stur | Estratégia LATAM: buscar Localizador=WGUQJO
2026-06-12 00:40:51,236 | INFO | robo_stur | Limpando filtros para começar próximo passo/item
2026-06-12 00:40:51,596 | INFO | robo_stur | Aguardando 3s — limpar filtros clicado
2026-06-12 00:40:54,625 | INFO | robo_stur | Clicando na coluna: Localizador
2026-06-12 00:40:54,986 | INFO | robo_stur | Aguardando 3s — coluna Localizador selecionada
2026-06-12 00:40:57,990 | INFO | robo_stur | Preenchendo search com: WGUQJO
2026-06-12 00:40:58,684 | INFO | robo_stur | Aguardando 3s — campo search limpo
2026-06-12 00:41:02,002 | INFO | robo_stur | Aguardando 3s — campo search preenchido
2026-06-12 00:41:05,006 | INFO | robo_stur | Clicando no botão de pesquisar
2026-06-12 00:41:05,390 | INFO | robo_stur | Aguardando 3s — pesquisa enviada
2026-06-12 00:41:08,396 | INFO | robo_stur | Aguardando 3s — consulta por Localizador
2026-06-12 00:41:11,400 | INFO | robo_stur | Validando resultados da tabela. Origem=Localizador
2026-06-12 00:41:11,586 | INFO | robo_stur | Colunas detectadas: ['Ações_1', 'Ações_2', 'Ações_3', 'Ações_4', 'Ações_5', 'Ações_6', 'Ações_7', '__COLUNA_VAZIA_1', 'Venda', 'Situação', 'Cliente', 'CNPJ/CPF', 'Produto', 'Fornecedor', 'Fornecedor Serviço', 'CNPJ Fornecedor Serviço', 'Destino', 'Data de Emissão', 'Data de Confirmação', 'Emissor', 'Promotor', 'Coordenador', 'Auxiliar', 'Localizador', 'No. Confirmação', 'Seq. EBTA', 'Início', 'Término', 'Cód. Integração', 'File', 'C. de Custos Filial', 'Solicitante', 'Filial', 'C. de Custos Cliente', 'Setor Cliente', 'Projeto', 'Autorizador', 'Atividade', 'Total Cliente', 'Total Fornecedor', 'Número Pré-Venda', 'Id RM', 'Status Exp. RM', 'Tipo Cliente', 'Comis.AGT. Viagem', 'Grupo Cliente', 'Integração']
2026-06-12 00:41:11,724 | INFO | robo_stur | Status bruto lido para Venda=00031118: 'CONFIRMADA'
2026-06-12 00:41:11,725 | INFO | robo_stur | Candidato coletado | Venda=00031118 | Status=CONFIRMADA | Fornecedor=LATAM | Forn.Serviço=LATAM | Emissão=15/05/2026 | Início=None | Término=None | TotalCliente=2304.65 | TotalFornecedor=2278.25
2026-06-12 00:41:11,725 | INFO | robo_stur | Total de candidatos coletados: 1
2026-06-12 00:41:11,725 | INFO | robo_stur | Localizador WGUQJO → Venda=00031118 | TotalForn=2278.25
2026-06-12 00:41:11,725 | INFO | robo_stur | Venda validada. Status=CONFIRMADA | Venda=00031118 | Linha tabela=1
2026-06-12 00:41:11,725 | INFO | robo_stur | Abrindo edição da venda na linha da tabela: 1
2026-06-12 00:41:12,040 | INFO | robo_stur | Aguardando 3s — abrir tela de edição da venda
2026-06-12 00:41:17,380 | INFO | robo_stur | Tela de edição da venda carregada.
2026-06-12 00:41:17,380 | INFO | robo_stur | Abrindo edição do primeiro pagamento do fornecedor.
2026-06-12 00:41:19,732 | INFO | robo_stur | Aguardando 3s — abrir modal de pagamento (tentativa 1)
2026-06-12 00:41:22,753 | INFO | robo_stur | Modal de pagamento do fornecedor aberto.
2026-06-12 00:41:22,754 | INFO | robo_stur | Selecionando forma de pagamento: Cartão de Crédito Agência.
2026-06-12 00:41:23,077 | INFO | robo_stur | Aguardando 3s — forma Cartão de Crédito Agência selecionada
2026-06-12 00:41:26,079 | INFO | robo_stur | Selecionando titular: Fabio Antununcio - CARTÃO DIGITAL.
2026-06-12 00:41:26,431 | INFO | robo_stur | Aguardando 3s — titular do cartão selecionado
2026-06-12 00:41:29,766 | INFO | robo_stur | Aguardando 3s — número do cartão sincronizado
2026-06-12 00:41:32,797 | INFO | robo_stur | Cód. Autorização já preenchido ('789922'). Mantendo.
2026-06-12 00:41:32,797 | INFO | robo_stur | Confirmando modal de pagamento no botão OK (vencimento mantido como está no STUR).
2026-06-12 00:41:33,113 | INFO | robo_stur | Aguardando 3s — OK do pagamento clicado
2026-06-12 00:41:36,119 | INFO | robo_stur | Gravando venda.
2026-06-12 00:41:36,506 | INFO | robo_stur | Aguardando 3s — venda gravada
2026-06-12 00:41:39,544 | INFO | robo_stur | STUR já retornou para a listagem automaticamente após gravar.
2026-06-12 00:41:39,545 | INFO | robo_stur | Buscando localizador nas Vendas: WIPOEV
2026-06-12 00:41:39,545 | INFO | robo_stur | Estratégia LATAM: buscar Localizador=WIPOEV
2026-06-12 00:41:39,545 | INFO | robo_stur | Limpando filtros para começar próximo passo/item
2026-06-12 00:41:39,869 | INFO | robo_stur | Aguardando 3s — limpar filtros clicado
2026-06-12 00:41:42,928 | INFO | robo_stur | Clicando na coluna: Localizador
2026-06-12 00:41:43,282 | INFO | robo_stur | Aguardando 3s — coluna Localizador selecionada
2026-06-12 00:41:46,286 | INFO | robo_stur | Preenchendo search com: WIPOEV
2026-06-12 00:41:46,966 | INFO | robo_stur | Aguardando 3s — campo search limpo
2026-06-12 00:41:50,284 | INFO | robo_stur | Aguardando 3s — campo search preenchido
2026-06-12 00:41:53,286 | INFO | robo_stur | Clicando no botão de pesquisar
2026-06-12 00:41:53,654 | INFO | robo_stur | Aguardando 3s — pesquisa enviada
2026-06-12 00:41:56,658 | INFO | robo_stur | Aguardando 3s — consulta por Localizador
2026-06-12 00:41:59,663 | INFO | robo_stur | Validando resultados da tabela. Origem=Localizador
2026-06-12 00:41:59,842 | INFO | robo_stur | Colunas detectadas: ['Ações_1', 'Ações_2', 'Ações_3', 'Ações_4', 'Ações_5', 'Ações_6', 'Ações_7', '__COLUNA_VAZIA_1', 'Venda', 'Situação', 'Cliente', 'CNPJ/CPF', 'Produto', 'Fornecedor', 'Fornecedor Serviço', 'CNPJ Fornecedor Serviço', 'Destino', 'Data de Emissão', 'Data de Confirmação', 'Emissor', 'Promotor', 'Coordenador', 'Auxiliar', 'Localizador', 'No. Confirmação', 'Seq. EBTA', 'Início', 'Término', 'Cód. Integração', 'File', 'C. de Custos Filial', 'Solicitante', 'Filial', 'C. de Custos Cliente', 'Setor Cliente', 'Projeto', 'Autorizador', 'Atividade', 'Total Cliente', 'Total Fornecedor', 'Número Pré-Venda', 'Id RM', 'Status Exp. RM', 'Tipo Cliente', 'Comis.AGT. Viagem', 'Grupo Cliente', 'Integração']
2026-06-12 00:41:59,970 | INFO | robo_stur | Status bruto lido para Venda=00031207: 'CONFIRMADA'
2026-06-12 00:41:59,970 | INFO | robo_stur | Candidato coletado | Venda=00031207 | Status=CONFIRMADA | Fornecedor=LATAM | Forn.Serviço=LATAM | Emissão=15/05/2026 | Início=None | Término=None | TotalCliente=984.76 | TotalFornecedor=958.36
2026-06-12 00:41:59,970 | INFO | robo_stur | Total de candidatos coletados: 1
2026-06-12 00:41:59,970 | INFO | robo_stur | Localizador WIPOEV → Venda=00031207 | TotalForn=958.36
2026-06-12 00:41:59,970 | INFO | robo_stur | Venda validada. Status=CONFIRMADA | Venda=00031207 | Linha tabela=1
2026-06-12 00:41:59,970 | INFO | robo_stur | Abrindo edição da venda na linha da tabela: 1
2026-06-12 00:42:00,283 | INFO | robo_stur | Aguardando 3s — abrir tela de edição da venda
2026-06-12 00:42:04,641 | INFO | robo_stur | Tela de edição da venda carregada.
2026-06-12 00:42:04,641 | INFO | robo_stur | Abrindo edição do primeiro pagamento do fornecedor.
2026-06-12 00:42:07,011 | INFO | robo_stur | Aguardando 3s — abrir modal de pagamento (tentativa 1)
2026-06-12 00:42:10,033 | INFO | robo_stur | Modal de pagamento do fornecedor aberto.
2026-06-12 00:42:10,033 | INFO | robo_stur | Selecionando forma de pagamento: Cartão de Crédito Agência.
2026-06-12 00:42:10,354 | INFO | robo_stur | Aguardando 3s — forma Cartão de Crédito Agência selecionada
2026-06-12 00:42:13,358 | INFO | robo_stur | Selecionando titular: Fabio Antununcio - CARTÃO DIGITAL.
2026-06-12 00:42:13,693 | INFO | robo_stur | Aguardando 3s — titular do cartão selecionado
2026-06-12 00:42:17,006 | INFO | robo_stur | Aguardando 3s — número do cartão sincronizado
2026-06-12 00:42:20,035 | INFO | robo_stur | Cód. Autorização já preenchido ('789810'). Mantendo.
2026-06-12 00:42:20,035 | INFO | robo_stur | Confirmando modal de pagamento no botão OK (vencimento mantido como está no STUR).
2026-06-12 00:42:20,350 | INFO | robo_stur | Aguardando 3s — OK do pagamento clicado
2026-06-12 00:42:23,354 | INFO | robo_stur | Gravando venda.
2026-06-12 00:42:23,747 | INFO | robo_stur | Aguardando 3s — venda gravada
2026-06-12 00:42:26,785 | INFO | robo_stur | STUR já retornou para a listagem automaticamente após gravar.
2026-06-12 00:42:26,820 | INFO | robo_stur | Backup parcial (pós Vendas) salvo em: /Users/gabrielfornydesouzamuniz/Documents/projetos/robo_stabia/output/CLARA MES 6_processado.xlsx
2026-06-12 00:42:26,857 | INFO | robo_stur | === FASE 2: Conferências ===
2026-06-12 00:42:26,857 | INFO | robo_stur | Navegando para Conferências e Baixas por Conferência
2026-06-12 00:42:26,862 | INFO | robo_stur | Aguardando 3s | redirecionamento para ListaConferencias
2026-06-12 00:42:29,905 | INFO | robo_stur | Tela de Conferências e Baixas carregada.
2026-06-12 00:42:29,906 | INFO | robo_stur | Processando conferência LATAM: Clara 06/2026 - teste robo | 5 item(ns)
2026-06-12 00:42:29,906 | INFO | robo_stur | Limpando filtros da tela de conferências
2026-06-12 00:42:30,534 | INFO | robo_stur | Aguardando 3s | limpar search manualmente
2026-06-12 00:42:33,538 | INFO | robo_stur | Clicando na coluna: Descrição
2026-06-12 00:42:33,922 | INFO | robo_stur | Aguardando 3s | coluna Descrição selecionada
2026-06-12 00:42:36,925 | INFO | robo_stur | Preenchendo search: Clara 06/2026 - teste robo
2026-06-12 00:42:37,264 | INFO | robo_stur | Aguardando 3s | search limpo
2026-06-12 00:42:40,577 | INFO | robo_stur | Aguardando 3s | search preenchido
2026-06-12 00:42:43,904 | INFO | robo_stur | Aguardando 3s | pesquisa executada
2026-06-12 00:42:47,013 | INFO | robo_stur | Headers detectados: ['__COLUNA_VAZIA_0', 'Ações_1', 'Ações_2', 'Ações_3', 'Ações_4', 'Ações_5', 'Ações_6', 'Filial', 'Descrição', 'Fatura', 'Situação', 'Dt.Conferência', 'Parcela', 'Qtde Títulos', 'Valor', 'Dt.Vencto.', 'Dt.Baixa', 'Conta', 'Usuário Última alteração', 'Usuário Criação']
2026-06-12 00:42:47,015 | INFO | robo_stur | Quantidade de linhas retornadas: 1
2026-06-12 00:42:47,058 | INFO | robo_stur | Linha coletada | Descrição=CLARA 06/2026 - TESTE ROBO | Dt.Conferência=07/06/2026 | Valor=-6.606,99 | ValorDecimal=-6606.99
2026-06-12 00:42:47,058 | INFO | robo_stur | Conferência 'Clara 06/2026 - teste robo' encontrada. Abrindo em edição.
2026-06-12 00:42:47,058 | INFO | robo_stur | Clicando no primeiro ícone Editar da linha encontrada
2026-06-12 00:42:47,397 | INFO | robo_stur | Aguardando 3s | abrir tela de edição
2026-06-12 00:42:50,399 | INFO | robo_stur | Aguardando 3s | conferência aberta
2026-06-12 00:42:53,406 | INFO | robo_stur | Clicando em Adicionar Títulos
2026-06-12 00:42:53,781 | INFO | robo_stur | Aguardando 3s | Adicionar Títulos clicado
2026-06-12 00:42:57,152 | INFO | robo_stur | Aguardando 3s | Clientes selecionado
2026-06-12 00:43:00,496 | INFO | robo_stur | Aguardando 3s | Filtrar clicado
2026-06-12 00:43:03,502 | INFO | robo_stur | Aguardando 3s | aguardando lista de títulos
2026-06-12 00:43:06,504 | INFO | robo_stur | Verificando coluna Localizador na sub-tela de títulos
2026-06-12 00:43:06,534 | INFO | robo_stur | Coluna Localizador já visível
2026-06-12 00:43:06,534 | INFO | robo_stur | Buscando localizador nos títulos: SQOZBP
2026-06-12 00:43:06,534 | INFO | robo_stur | Clicando na coluna: Localizador
2026-06-12 00:43:06,889 | INFO | robo_stur | Aguardando 3s | coluna Localizador selecionada
2026-06-12 00:43:09,892 | INFO | robo_stur | Preenchendo search: SQOZBP
2026-06-12 00:43:10,218 | INFO | robo_stur | Aguardando 3s | search limpo
2026-06-12 00:43:13,548 | INFO | robo_stur | Aguardando 3s | search preenchido
2026-06-12 00:43:16,861 | INFO | robo_stur | Aguardando 3s | pesquisa executada
2026-06-12 00:43:20,024 | INFO | robo_stur | [DEBUG] Headers da grid de títulos: ['__COLUNA_VAZIA_0', '__COLUNA_VAZIA_1', '__COLUNA_VAZIA_2', '__COLUNA_VAZIA_3', 'Vencimento', 'Documento', 'Parcela', 'Dt.Emissão', 'Localizador', 'Dados Integração', 'Valor Receber', 'Valor Pagar', 'Passageiro', 'Pagador / Beneficiário', 'Núm.Confirmação', 'Código de Autorização', 'NSU/DOC', 'File', 'Boleto / Nosso Número', 'Observação', 'Fornecedor Serviço', 'Fornecedor Principal', 'Moeda', 'Câmbio', 'Valor Oficial', 'Vendas', 'Situação Recebimento', 'Centro de Custo', 'Início', 'Término', 'Produto', 'Emissor', 'Dt. Emissao Venda', 'Número do Cartão agência']
2026-06-12 00:43:20,025 | INFO | robo_stur | [DEBUG] Total de <tr> na grid após busca: 1
2026-06-12 00:43:20,028 | INFO | robo_stur | [DEBUG] Linha 0 texto: Vencimento Documento Parcela Dt.Emissão Localizador Valor Receber Valor Pagar Pagador / Beneficiário Moeda Câmbio Valor Oficial Vendas Início Término
2026-06-12 00:43:20,029 | WARNING | robo_stur | Localizador SQOZBP não encontrado nos títulos
2026-06-12 00:43:20,029 | INFO | robo_stur | Limpando filtros da tela de conferências
2026-06-12 00:43:20,657 | INFO | robo_stur | Aguardando 3s | limpar search manualmente
2026-06-12 00:43:23,665 | INFO | robo_stur | Buscando localizador nos títulos: HNJAXE
2026-06-12 00:43:23,666 | INFO | robo_stur | Clicando na coluna: Localizador
2026-06-12 00:43:24,031 | INFO | robo_stur | Aguardando 3s | coluna Localizador selecionada
2026-06-12 00:43:27,036 | INFO | robo_stur | Preenchendo search: HNJAXE
2026-06-12 00:43:27,377 | INFO | robo_stur | Aguardando 3s | search limpo
2026-06-12 00:43:30,697 | INFO | robo_stur | Aguardando 3s | search preenchido
2026-06-12 00:43:34,030 | INFO | robo_stur | Aguardando 3s | pesquisa executada
2026-06-12 00:43:37,190 | INFO | robo_stur | [DEBUG] Headers da grid de títulos: ['__COLUNA_VAZIA_0', '__COLUNA_VAZIA_1', '__COLUNA_VAZIA_2', '__COLUNA_VAZIA_3', 'Vencimento', 'Documento', 'Parcela', 'Dt.Emissão', 'Localizador', 'Dados Integração', 'Valor Receber', 'Valor Pagar', 'Passageiro', 'Pagador / Beneficiário', 'Núm.Confirmação', 'Código de Autorização', 'NSU/DOC', 'File', 'Boleto / Nosso Número', 'Observação', 'Fornecedor Serviço', 'Fornecedor Principal', 'Moeda', 'Câmbio', 'Valor Oficial', 'Vendas', 'Situação Recebimento', 'Centro de Custo', 'Início', 'Término', 'Produto', 'Emissor', 'Dt. Emissao Venda', 'Número do Cartão agência']
2026-06-12 00:43:37,192 | INFO | robo_stur | [DEBUG] Total de <tr> na grid após busca: 1
2026-06-12 00:43:37,195 | INFO | robo_stur | [DEBUG] Linha 0 texto: Vencimento Documento Parcela Dt.Emissão Localizador Valor Receber Valor Pagar Pagador / Beneficiário Moeda Câmbio Valor Oficial Vendas Início Término
2026-06-12 00:43:37,196 | WARNING | robo_stur | Localizador HNJAXE não encontrado nos títulos
2026-06-12 00:43:37,196 | INFO | robo_stur | Limpando filtros da tela de conferências
2026-06-12 00:43:37,829 | INFO | robo_stur | Aguardando 3s | limpar search manualmente
2026-06-12 00:43:40,833 | INFO | robo_stur | Buscando localizador nos títulos: GXMNCV
2026-06-12 00:43:40,834 | INFO | robo_stur | Clicando na coluna: Localizador
2026-06-12 00:43:41,195 | INFO | robo_stur | Aguardando 3s | coluna Localizador selecionada
2026-06-12 00:43:44,200 | INFO | robo_stur | Preenchendo search: GXMNCV
2026-06-12 00:43:44,541 | INFO | robo_stur | Aguardando 3s | search limpo
2026-06-12 00:43:47,856 | INFO | robo_stur | Aguardando 3s | search preenchido
2026-06-12 00:43:51,178 | INFO | robo_stur | Aguardando 3s | pesquisa executada
2026-06-12 00:43:54,345 | INFO | robo_stur | [DEBUG] Headers da grid de títulos: ['__COLUNA_VAZIA_0', '__COLUNA_VAZIA_1', '__COLUNA_VAZIA_2', '__COLUNA_VAZIA_3', 'Vencimento', 'Documento', 'Parcela', 'Dt.Emissão', 'Localizador', 'Dados Integração', 'Valor Receber', 'Valor Pagar', 'Passageiro', 'Pagador / Beneficiário', 'Núm.Confirmação', 'Código de Autorização', 'NSU/DOC', 'File', 'Boleto / Nosso Número', 'Observação', 'Fornecedor Serviço', 'Fornecedor Principal', 'Moeda', 'Câmbio', 'Valor Oficial', 'Vendas', 'Situação Recebimento', 'Centro de Custo', 'Início', 'Término', 'Produto', 'Emissor', 'Dt. Emissao Venda', 'Número do Cartão agência']
2026-06-12 00:43:54,346 | INFO | robo_stur | [DEBUG] Total de <tr> na grid após busca: 1
2026-06-12 00:43:54,349 | INFO | robo_stur | [DEBUG] Linha 0 texto: Vencimento Documento Parcela Dt.Emissão Localizador Valor Receber Valor Pagar Pagador / Beneficiário Moeda Câmbio Valor Oficial Vendas Início Término
2026-06-12 00:43:54,352 | WARNING | robo_stur | Localizador GXMNCV não encontrado nos títulos
2026-06-12 00:43:54,352 | INFO | robo_stur | Limpando filtros da tela de conferências
2026-06-12 00:43:54,978 | INFO | robo_stur | Aguardando 3s | limpar search manualmente
2026-06-12 00:43:57,984 | INFO | robo_stur | Buscando localizador nos títulos: WGUQJO
2026-06-12 00:43:57,984 | INFO | robo_stur | Clicando na coluna: Localizador
2026-06-12 00:43:58,326 | INFO | robo_stur | Aguardando 3s | coluna Localizador selecionada
2026-06-12 00:44:01,328 | INFO | robo_stur | Preenchendo search: WGUQJO
2026-06-12 00:44:01,642 | INFO | robo_stur | Aguardando 3s | search limpo
2026-06-12 00:44:04,963 | INFO | robo_stur | Aguardando 3s | search preenchido
2026-06-12 00:44:08,283 | INFO | robo_stur | Aguardando 3s | pesquisa executada
2026-06-12 00:44:11,447 | INFO | robo_stur | [DEBUG] Headers da grid de títulos: ['__COLUNA_VAZIA_0', '__COLUNA_VAZIA_1', '__COLUNA_VAZIA_2', '__COLUNA_VAZIA_3', 'Vencimento', 'Documento', 'Parcela', 'Dt.Emissão', 'Localizador', 'Dados Integração', 'Valor Receber', 'Valor Pagar', 'Passageiro', 'Pagador / Beneficiário', 'Núm.Confirmação', 'Código de Autorização', 'NSU/DOC', 'File', 'Boleto / Nosso Número', 'Observação', 'Fornecedor Serviço', 'Fornecedor Principal', 'Moeda', 'Câmbio', 'Valor Oficial', 'Vendas', 'Situação Recebimento', 'Centro de Custo', 'Início', 'Término', 'Produto', 'Emissor', 'Dt. Emissao Venda', 'Número do Cartão agência']
2026-06-12 00:44:11,448 | INFO | robo_stur | [DEBUG] Total de <tr> na grid após busca: 1
2026-06-12 00:44:11,451 | INFO | robo_stur | [DEBUG] Linha 0 texto: Vencimento Documento Parcela Dt.Emissão Localizador Valor Receber Valor Pagar Pagador / Beneficiário Moeda Câmbio Valor Oficial Vendas Início Término
2026-06-12 00:44:11,453 | WARNING | robo_stur | Localizador WGUQJO não encontrado nos títulos
2026-06-12 00:44:11,453 | INFO | robo_stur | Limpando filtros da tela de conferências
2026-06-12 00:44:12,080 | INFO | robo_stur | Aguardando 3s | limpar search manualmente
2026-06-12 00:44:15,085 | INFO | robo_stur | Buscando localizador nos títulos: WIPOEV
2026-06-12 00:44:15,085 | INFO | robo_stur | Clicando na coluna: Localizador
2026-06-12 00:44:15,461 | INFO | robo_stur | Aguardando 3s | coluna Localizador selecionada
2026-06-12 00:44:18,466 | INFO | robo_stur | Preenchendo search: WIPOEV
2026-06-12 00:44:18,806 | INFO | robo_stur | Aguardando 3s | search limpo
2026-06-12 00:44:22,120 | INFO | robo_stur | Aguardando 3s | search preenchido
2026-06-12 00:44:25,427 | INFO | robo_stur | Aguardando 3s | pesquisa executada
2026-06-12 00:44:28,588 | INFO | robo_stur | [DEBUG] Headers da grid de títulos: ['__COLUNA_VAZIA_0', '__COLUNA_VAZIA_1', '__COLUNA_VAZIA_2', '__COLUNA_VAZIA_3', 'Vencimento', 'Documento', 'Parcela', 'Dt.Emissão', 'Localizador', 'Dados Integração', 'Valor Receber', 'Valor Pagar', 'Passageiro', 'Pagador / Beneficiário', 'Núm.Confirmação', 'Código de Autorização', 'NSU/DOC', 'File', 'Boleto / Nosso Número', 'Observação', 'Fornecedor Serviço', 'Fornecedor Principal', 'Moeda', 'Câmbio', 'Valor Oficial', 'Vendas', 'Situação Recebimento', 'Centro de Custo', 'Início', 'Término', 'Produto', 'Emissor', 'Dt. Emissao Venda', 'Número do Cartão agência']
2026-06-12 00:44:28,589 | INFO | robo_stur | [DEBUG] Total de <tr> na grid após busca: 1
2026-06-12 00:44:28,592 | INFO | robo_stur | [DEBUG] Linha 0 texto: Vencimento Documento Parcela Dt.Emissão Localizador Valor Receber Valor Pagar Pagador / Beneficiário Moeda Câmbio Valor Oficial Vendas Início Término
2026-06-12 00:44:28,594 | WARNING | robo_stur | Localizador WIPOEV não encontrado nos títulos
2026-06-12 00:44:28,594 | INFO | robo_stur | Limpando filtros da tela de conferências
2026-06-12 00:44:29,225 | INFO | robo_stur | Aguardando 3s | limpar search manualmente
2026-06-12 00:44:32,231 | INFO | robo_stur | Gravando títulos selecionados
2026-06-12 00:44:32,644 | INFO | robo_stur | Aguardando 3s | títulos gravados
2026-06-12 00:44:35,649 | INFO | robo_stur | Aguardando 3s | aguardando retorno à conferência
2026-06-12 00:44:38,655 | INFO | robo_stur | Gravando conferência
2026-06-12 00:44:39,023 | INFO | robo_stur | Aguardando 3s | conferência gravada
2026-06-12 00:44:42,028 | INFO | robo_stur | Aguardando 3s | aguardando retorno à lista
2026-06-12 00:44:45,109 | INFO | robo_stur | Arquivo final salvo: /Users/gabrielfornydesouzamuniz/Documents/automacao-stur/CLARA MES 6.xlsx
