2026-05-13 19:49:36,703 | INFO | robo_stur | Log iniciado em: /Users/gabrielfornydesouzamuniz/Documents/projetos/robo_stabia/logs/robo_stur_20260513_194936.log
2026-05-13 19:49:36,703 | INFO | robo_stur | Iniciando processamento: /Users/gabrielfornydesouzamuniz/Downloads/excel_stur.xlsx
2026-05-13 19:49:36,868 | INFO | robo_stur | Aba carregada: Transações | Colunas: ['Unnamed: 0', 'Data da transação', 'Data de aprovação', 'Cartão', 'Usuario', 'Estabelecimento', 'Tipo de transação', 'Código de autorização', 'Valor em moeda estrangeira', 'Código da moeda estrangeira', 'Taxa de câmbio', 'Valor em R$', 'Parcela', 'IOF', 'VCN']
2026-05-13 19:49:36,877 | INFO | robo_stur | Total de linhas a processar: 464
2026-05-13 19:49:37,516 | INFO | robo_stur | Acessando STUR: https://ww3.sturweb.com.br/STABIATURISMO/Login.aspx
2026-05-13 19:49:39,916 | INFO | robo_stur | Aguardando 3s — usuário preenchido
2026-05-13 19:49:43,272 | INFO | robo_stur | Aguardando 3s — senha preenchida
2026-05-13 19:49:47,348 | INFO | robo_stur | Aguardando 3s — login enviado
2026-05-13 19:49:50,385 | WARNING | robo_stur | Sessão ativa detectada. Clicando em desbloquear usuário ativo...
2026-05-13 19:49:50,713 | INFO | robo_stur | Aguardando 3s — usuário desbloqueado
2026-05-13 19:49:53,717 | INFO | robo_stur | Login realizado.
2026-05-13 19:49:53,718 | INFO | robo_stur | Acessando Operacional -> Vendas
2026-05-13 19:49:54,076 | INFO | robo_stur | Aguardando 3s — hover no menu Operacional
2026-05-13 19:49:57,487 | INFO | robo_stur | Aguardando 3s — tela de Vendas carregando
2026-05-13 19:50:00,518 | INFO | robo_stur | Tela de Vendas pronta.
2026-05-13 19:50:00,519 | INFO | robo_stur | ============================================================
2026-05-13 19:50:00,519 | INFO | robo_stur | Linha Excel 2
2026-05-13 19:50:00,519 | INFO | robo_stur | Tipo busca: LATAM
2026-05-13 19:50:34,679 | INFO | robo_stur | Estabelecimento: ESTORNO DE LATAM DCP ND*DDBADK
2026-05-13 19:50:34,679 | INFO | robo_stur | VCN: nan | Código Venda VCN: None
2026-05-13 19:50:34,680 | INFO | robo_stur | Localizador extraído: DDBADK
2026-05-13 19:50:34,680 | INFO | robo_stur | Termo: DDBADK | Coluna: Localizador
2026-05-13 19:50:34,680 | INFO | robo_stur | Data STUR: 13/03/2026 | Valor Excel: -4748.32
2026-05-13 19:50:34,680 | INFO | robo_stur | Estratégia LATAM: buscar Localizador=DDBADK
2026-05-13 19:50:34,680 | INFO | robo_stur | Limpando filtros para começar próximo passo/item
2026-05-13 19:50:34,708 | WARNING | robo_stur | Botão Limpar/Cancelar filtro não encontrado. Limpando campo search manualmente.
2026-05-13 19:50:35,021 | INFO | robo_stur | Aguardando 3s — campo search limpo manualmente
2026-05-13 19:50:38,041 | INFO | robo_stur | Clicando na coluna: Localizador
2026-05-13 19:50:38,401 | INFO | robo_stur | Aguardando 3s — coluna Localizador selecionada
2026-05-13 19:50:41,406 | INFO | robo_stur | Preenchendo search com: DDBADK
2026-05-13 19:50:42,092 | INFO | robo_stur | Aguardando 3s — campo search limpo
2026-05-13 19:50:45,413 | INFO | robo_stur | Aguardando 3s — campo search preenchido
2026-05-13 19:50:48,418 | INFO | robo_stur | Clicando no botão de pesquisar
2026-05-13 19:50:48,770 | INFO | robo_stur | Aguardando 3s — pesquisa enviada
2026-05-13 19:50:51,775 | INFO | robo_stur | Aguardando 3s — consulta por Localizador
2026-05-13 19:50:54,780 | INFO | robo_stur | Validando resultados da tabela. Origem=Localizador
2026-05-13 19:50:54,894 | INFO | robo_stur | Colunas detectadas: ['Ações', 'Venda', 'Situação', 'Cliente', 'CNPJ/CPF', 'Produto', 'Fornecedor', 'Fornecedor Serviço', 'CNPJ Fornecedor Serviço', 'Destino', 'Data de Emissão', 'Data de Confirmação', 'Emissor', 'Promotor', 'Coordenador', 'Auxiliar', 'Passageiro', 'Localizador', 'No. Confirmação', 'Seq. EBTA', 'Cód. Integração', 'File', 'C. de Custos Filial', 'Solicitante', 'Filial', 'C. de Custos Cliente', 'Setor Cliente', 'Projeto', 'Autorizador', 'Atividade', 'Total Cliente', 'Total Fornecedor', 'Número Pré-Venda', 'Id RM', 'Status Exp. RM', 'Tipo Cliente', 'Comis.AGT. Viagem', 'Grupo Cliente', 'Integração']
2026-05-13 19:50:54,980 | WARNING | robo_stur | Quantidade de headers (39) diferente de células (46). Headers=['Ações', 'Venda', 'Situação', 'Cliente', 'CNPJ/CPF', 'Produto', 'Fornecedor', 'Fornecedor Serviço', 'CNPJ Fornecedor Serviço', 'Destino', 'Data de Emissão', 'Data de Confirmação', 'Emissor', 'Promotor', 'Coordenador', 'Auxiliar', 'Passageiro', 'Localizador', 'No. Confirmação', 'Seq. EBTA', 'Cód. Integração', 'File', 'C. de Custos Filial', 'Solicitante', 'Filial', 'C. de Custos Cliente', 'Setor Cliente', 'Projeto', 'Autorizador', 'Atividade', 'Total Cliente', 'Total Fornecedor', 'Número Pré-Venda', 'Id RM', 'Status Exp. RM', 'Tipo Cliente', 'Comis.AGT. Viagem', 'Grupo Cliente', 'Integração'] | Valores=['', '', '', '', '', '', '', '', '00026066', '', 'SP - MACHADO MEYER SENDACZ E OPICE', '45.762.077/0001-37', 'ETICKET NACIONAL', 'LATAM', 'LATAM', '33.937.681/0001-78', '', '13/03/2026', '13/03/2026', 'ALEXANDRE SILVEIRA LUIZA', 'SERAFIM OLIVEIRA', 'KARINA PORTO OWSIANY ANTONIEVICZ', '', 'GEOVANNA VILA', 'DDBADK', '', '0', 'ID Venda: 00691/7939-1', '', 'CORPORATIVO', 'PATRICIA SANTOS FELCAR', 'STABIA', '004260/001142', '', '', 'GEOVANNA VILA', '', '4.774,72', '4.748,32', '', '0', '', 'PADRÃO', '', 'MACHADO MEYER', 'Importacao: argo mmSistema: TMS V4']
2026-05-13 19:50:54,981 | INFO | robo_stur | Candidato coletado | Venda= | Fornecedor= | Forn.Serviço= | Emissão=SP - MACHADO MEYER SENDACZ E OPICE | Início=None | Término=None | TotalCliente=None | TotalFornecedor=None
2026-05-13 19:50:54,981 | INFO | robo_stur | Total de candidatos coletados: 1
2026-05-13 19:50:54,981 | INFO | robo_stur | Validando candidatos com valor exato. Valor Excel=-4748.32
2026-05-13 19:50:54,981 | INFO | robo_stur | Analisando candidato | Venda= | TotalFornecedor=None | TotalCliente=None | Origem=Localizador
2026-05-13 19:50:54,981 | INFO | robo_stur | Nenhum candidato exato encontrado.
2026-05-13 19:50:54,982 | WARNING | robo_stur | ERRO | Encontrou candidatos, mas nenhum valor bate/proxima: Venda - (Localizador; Forn=None; Cliente=None)
2026-05-13 19:50:54,982 | INFO | robo_stur | Limpando filtros para começar próximo passo/item
2026-05-13 19:50:55,295 | INFO | robo_stur | Aguardando 3s — limpar filtros clicado
2026-05-13 19:50:58,320 | INFO | robo_stur | ============================================================
2026-05-13 19:50:58,320 | INFO | robo_stur | Linha Excel 3
2026-05-13 19:50:58,320 | INFO | robo_stur | Tipo busca: GENERICO
