2026-06-05 18:01:56,654 | INFO | robo_stur | Log iniciado em: /Users/gabrielfornydesouzamuniz/Documents/projetos/robo_stabia/logs/robo_stur_20260605_180156.log
2026-06-05 18:01:56,655 | INFO | robo_stur | Iniciando processamento — fluxo LATAM: Vendas + Conferências
2026-06-05 18:01:56,655 | INFO | robo_stur | Arquivos recebidos: ['/Users/gabrielfornydesouzamuniz/Documents/projetos/robo_stabia/input/CLARA MES 6.csv']
2026-06-05 18:01:58,413 | INFO | robo_stur | Acessando STUR: https://ww3.sturweb.com.br/STABIATURISMO/Login.aspx
2026-06-05 18:02:01,133 | INFO | robo_stur | Aguardando 3s — usuário preenchido
2026-06-05 18:02:04,506 | INFO | robo_stur | Aguardando 3s — senha preenchida
2026-06-05 18:02:08,338 | INFO | robo_stur | Aguardando 3s — login enviado
2026-06-05 18:02:11,381 | WARNING | robo_stur | Sessão ativa detectada. Clicando em desbloquear usuário ativo...
2026-06-05 18:02:12,243 | INFO | robo_stur | Aguardando 3s — usuário desbloqueado
2026-06-05 18:02:15,245 | INFO | robo_stur | Login realizado.
2026-06-05 18:02:15,246 | INFO | robo_stur | Acessando Operacional -> Vendas
2026-06-05 18:02:15,609 | INFO | robo_stur | Aguardando 3s — hover no menu Operacional
2026-06-05 18:02:19,016 | INFO | robo_stur | Aguardando 3s — tela de Vendas carregando
2026-06-05 18:02:22,047 | INFO | robo_stur | Tela de Vendas pronta.
2026-06-05 18:02:22,047 | INFO | robo_stur | Verificando coluna Localizador na tela de Vendas
2026-06-05 18:02:22,066 | INFO | robo_stur | Coluna Localizador já visível na tela de Vendas
2026-06-05 18:02:22,066 | INFO | robo_stur | Iniciando processamento do arquivo: /Users/gabrielfornydesouzamuniz/Documents/projetos/robo_stabia/input/CLARA MES 6.csv
2026-06-05 18:02:22,105 | INFO | robo_stur | Aba/tipo carregado: CSV | Colunas: ['Data da Transação', 'Extrato da conta', 'Transação', 'Valor original', 'Moeda original', 'Valor em R$', 'Cartão', 'Alias Do Cartão', 'Status', 'Status de aprovação', 'Nome do aprovador', 'Nota do aprovador', 'Código de autorização', 'Categoria da Compra', 'Recibo', 'Nome dos Recibos', 'Titular', 'Grupos', 'Localização', 'Etiquetas', 'Descrição', 'IA - Possui fatura?', 'IA - Verificação de fatura', 'IA - Verificado por:', 'IA - Possui recibo?', 'IA - Verificação de recibo', 'IA - Verificado por:.1', 'IA - Possui outro documento?', 'IA - Nº da Fatura', 'IA - Nome legal', 'IA - CNPJ do emissor', 'IA - Data da compra', 'IA - Hora da compra', 'IA - Moeda do documento', 'IA - Valor subtotal', 'IA - Percentual da gorjeta', 'IA - Gorjeta R$', 'IA - Percentual de IVA', 'IA - Valor do IVA R$', 'IA - Valor total pago R$', 'IA - Lista de Compras (conceito, quantidade, preço por unidade, Desconto (se aplicável), preço total)']
2026-06-05 18:02:22,125 | INFO | robo_stur | Total de linhas a processar: 49
2026-06-05 18:02:22,125 | INFO | robo_stur | LATAM: 5 | Outros (ignorados nesta versão): 44
2026-06-05 18:02:22,125 | INFO | robo_stur | === FASE 1: Vendas ===
2026-06-05 18:02:22,125 | INFO | robo_stur | Buscando localizador nas Vendas: SQOZBP
2026-06-05 18:02:22,125 | INFO | robo_stur | Estratégia LATAM: buscar Localizador=SQOZBP
2026-06-05 18:02:22,125 | INFO | robo_stur | Limpando filtros para começar próximo passo/item
2026-06-05 18:02:22,137 | WARNING | robo_stur | Botão Limpar/Cancelar filtro não encontrado. Limpando campo search manualmente.
2026-06-05 18:02:22,453 | INFO | robo_stur | Aguardando 3s — campo search limpo manualmente
2026-06-05 18:02:25,474 | INFO | robo_stur | Clicando na coluna: Localizador
2026-06-05 18:02:25,889 | INFO | robo_stur | Aguardando 3s — coluna Localizador selecionada
2026-06-05 18:02:28,893 | INFO | robo_stur | Preenchendo search com: SQOZBP
2026-06-05 18:02:29,588 | INFO | robo_stur | Aguardando 3s — campo search limpo
2026-06-05 18:02:32,909 | INFO | robo_stur | Aguardando 3s — campo search preenchido
2026-06-05 18:02:35,913 | INFO | robo_stur | Clicando no botão de pesquisar
2026-06-05 18:02:36,326 | INFO | robo_stur | Aguardando 3s — pesquisa enviada
2026-06-05 18:02:39,330 | INFO | robo_stur | Aguardando 3s — consulta por Localizador
2026-06-05 18:02:42,334 | INFO | robo_stur | Validando resultados da tabela. Origem=Localizador
2026-06-05 18:02:42,555 | INFO | robo_stur | Colunas detectadas: ['Ações_1', 'Ações_2', 'Ações_3', 'Ações_4', 'Ações_5', 'Ações_6', 'Ações_7', '__COLUNA_VAZIA_1', 'Venda', 'Situação', 'Cliente', 'CNPJ/CPF', 'Produto', 'Fornecedor', 'Fornecedor Serviço', 'CNPJ Fornecedor Serviço', 'Destino', 'Data de Emissão', 'Data de Confirmação', 'Emissor', 'Promotor', 'Coordenador', 'Auxiliar', 'Localizador', 'No. Confirmação', 'Seq. EBTA', 'Início', 'Término', 'Cód. Integração', 'File', 'C. de Custos Filial', 'Solicitante', 'Filial', 'C. de Custos Cliente', 'Setor Cliente', 'Projeto', 'Autorizador', 'Atividade', 'Total Cliente', 'Total Fornecedor', 'Número Pré-Venda', 'Id RM', 'Status Exp. RM', 'Tipo Cliente', 'Comis.AGT. Viagem', 'Grupo Cliente', 'Integração']
2026-06-05 18:02:42,655 | INFO | robo_stur | Candidato coletado | Venda=00031289 | Fornecedor=LATAM | Forn.Serviço=LATAM | Emissão=18/05/2026 | Início=None | Término=None | TotalCliente=1446.52 | TotalFornecedor=1420.12
2026-06-05 18:02:42,655 | INFO | robo_stur | Total de candidatos coletados: 1
2026-06-05 18:02:42,656 | INFO | robo_stur | Localizador SQOZBP → Venda=00031289 | TotalForn=1420.12
2026-06-05 18:02:42,656 | INFO | robo_stur | Venda validada. Iniciando alteração de pagamento | Venda=00031289 | Linha tabela=1
2026-06-05 18:02:42,656 | INFO | robo_stur | Abrindo edição da venda na linha da tabela: 1
2026-06-05 18:02:42,973 | INFO | robo_stur | Aguardando 3s — abrir tela de edição da venda
2026-06-05 18:02:48,446 | INFO | robo_stur | Tela de edição da venda carregada.
2026-06-05 18:02:48,446 | INFO | robo_stur | Abrindo edição do primeiro pagamento do fornecedor.
2026-06-05 18:02:50,801 | INFO | robo_stur | Aguardando 3s — abrir modal de pagamento (tentativa 1)
2026-06-05 18:02:53,816 | INFO | robo_stur | Modal de pagamento do fornecedor aberto.
2026-06-05 18:02:53,816 | INFO | robo_stur | Selecionando forma de pagamento: Cartão de Crédito Agência.
2026-06-05 18:02:54,137 | INFO | robo_stur | Aguardando 3s — forma Cartão de Crédito Agência selecionada
2026-06-05 18:02:57,144 | INFO | robo_stur | Selecionando titular: Fabio Antununcio - CARTÃO DIGITAL.
2026-06-05 18:02:57,481 | INFO | robo_stur | Aguardando 3s — titular do cartão selecionado
2026-06-05 18:03:00,818 | INFO | robo_stur | Aguardando 3s — número do cartão sincronizado
2026-06-05 18:03:03,823 | INFO | robo_stur | Preenchendo Cód. Autorização: 837080
2026-06-05 18:03:08,830 | WARNING | robo_stur | Não consegui preencher Cód. Autorização. Detalhe: Locator.wait_for: Timeout 5000ms exceeded.
Call log:
  - waiting for locator("#sturweb").content_frame.locator("#c0_PH1_UFRPV1_EdtCodAutorizacao").first to be visible

2026-06-05 18:03:08,830 | INFO | robo_stur | Confirmando modal de pagamento no botão OK (vencimento mantido como está no STUR).
2026-06-05 18:03:09,162 | INFO | robo_stur | Aguardando 3s — OK do pagamento clicado
2026-06-05 18:03:12,167 | INFO | robo_stur | Gravando venda.
2026-06-05 18:03:12,558 | INFO | robo_stur | Aguardando 3s — venda gravada
2026-06-05 18:03:15,594 | INFO | robo_stur | STUR já retornou para a listagem automaticamente após gravar.
2026-06-05 18:03:15,599 | INFO | robo_stur | Buscando localizador nas Vendas: HNJAXE
2026-06-05 18:03:15,599 | INFO | robo_stur | Estratégia LATAM: buscar Localizador=HNJAXE
2026-06-05 18:03:15,599 | INFO | robo_stur | Limpando filtros para começar próximo passo/item
2026-06-05 18:03:15,968 | INFO | robo_stur | Aguardando 3s — limpar filtros clicado
