2026-05-13 19:40:58,600 | INFO | robo_stur | Log iniciado em: /Users/gabrielfornydesouzamuniz/Documents/projetos/robo_stabia/logs/robo_stur_20260513_194058.log
2026-05-13 19:40:58,600 | INFO | robo_stur | Iniciando processamento: /Users/gabrielfornydesouzamuniz/Downloads/2026-04-15_000000000455_d8266ce4caa4.xlsx
2026-05-13 19:40:58,848 | INFO | robo_stur | Aba carregada: Transações | Colunas: ['Unnamed: 0', 'Data da transação', 'Data de aprovação', 'Cartão', 'Usuario', 'Estabelecimento', 'Tipo de transação', 'Código de autorização', 'Valor em moeda estrangeira', 'Código da moeda estrangeira', 'Taxa de câmbio', 'Valor em R$', 'Parcela', 'IOF', 'VCN']
2026-05-13 19:40:58,858 | INFO | robo_stur | Total de linhas a processar: 469
2026-05-13 19:40:59,600 | INFO | robo_stur | Acessando STUR: https://ww3.sturweb.com.br/STABIATURISMO/Login.aspx
2026-05-13 19:41:02,028 | INFO | robo_stur | Aguardando 3s — usuário preenchido
2026-05-13 19:41:05,386 | INFO | robo_stur | Aguardando 3s — senha preenchida
2026-05-13 19:41:09,204 | INFO | robo_stur | Aguardando 3s — login enviado
2026-05-13 19:41:12,242 | WARNING | robo_stur | Sessão ativa detectada. Clicando em desbloquear usuário ativo...
2026-05-13 19:41:12,567 | INFO | robo_stur | Aguardando 3s — usuário desbloqueado
2026-05-13 19:41:15,572 | INFO | robo_stur | Login realizado.
2026-05-13 19:41:15,572 | INFO | robo_stur | Acessando Operacional -> Vendas
2026-05-13 19:41:15,942 | INFO | robo_stur | Aguardando 3s — hover no menu Operacional
2026-05-13 19:41:19,279 | INFO | robo_stur | Aguardando 3s — tela de Vendas carregando
2026-05-13 19:41:22,312 | INFO | robo_stur | Tela de Vendas pronta.
2026-05-13 19:41:22,312 | INFO | robo_stur | ============================================================
2026-05-13 19:41:22,312 | INFO | robo_stur | Linha Excel 2
2026-05-13 19:41:22,312 | INFO | robo_stur | Tipo busca: GENERICO
2026-05-13 19:41:22,312 | INFO | robo_stur | Estabelecimento: AdaptaOrg
2026-05-13 19:41:22,312 | INFO | robo_stur | VCN: nan | Código Venda VCN: None
2026-05-13 19:41:22,312 | INFO | robo_stur | Localizador extraído: None
2026-05-13 19:41:22,312 | INFO | robo_stur | Termo: AdaptaOrg | Coluna: Fornecedor
2026-05-13 19:41:22,312 | INFO | robo_stur | Data STUR: 21/03/2026 | Valor Excel: 99
2026-05-13 19:41:22,313 | INFO | robo_stur | Estratégia GENERICO — busca inicial: Fornecedor='AdaptaOrg'
2026-05-13 19:41:22,313 | INFO | robo_stur | Limpando filtros para começar próximo passo/item
2026-05-13 19:41:22,326 | WARNING | robo_stur | Botão Limpar/Cancelar filtro não encontrado. Limpando campo search manualmente.
2026-05-13 19:41:22,636 | INFO | robo_stur | Aguardando 3s — campo search limpo manualmente
2026-05-13 19:41:25,655 | INFO | robo_stur | Clicando na coluna: Fornecedor
2026-05-13 19:41:26,054 | INFO | robo_stur | Aguardando 3s — coluna Fornecedor selecionada
2026-05-13 19:41:29,059 | INFO | robo_stur | Preenchendo search com: AdaptaOrg
2026-05-13 19:41:29,759 | INFO | robo_stur | Aguardando 3s — campo search limpo
2026-05-13 19:41:33,078 | INFO | robo_stur | Aguardando 3s — campo search preenchido
2026-05-13 19:41:36,083 | INFO | robo_stur | Clicando no botão de pesquisar
2026-05-13 19:41:36,437 | INFO | robo_stur | Aguardando 3s — pesquisa enviada
2026-05-13 19:41:39,442 | INFO | robo_stur | Aguardando 3s — consulta inicial por Fornecedor
2026-05-13 19:41:42,447 | INFO | robo_stur | Validando resultados da tabela. Origem=Fornecedor sem data
2026-05-13 19:41:42,475 | INFO | robo_stur | Mensagem 'Nenhum registro encontrado' detectada.
2026-05-13 19:41:42,475 | INFO | robo_stur | Nenhum resultado inicial para Fornecedor='AdaptaOrg'. Não vou aplicar filtro de data para este campo.
2026-05-13 19:41:42,475 | INFO | robo_stur | Estratégia GENERICO — busca inicial: Fornecedor Serviço='AdaptaOrg'
2026-05-13 19:41:42,475 | INFO | robo_stur | Limpando filtros para começar próximo passo/item
2026-05-13 19:41:42,799 | INFO | robo_stur | Aguardando 3s — limpar filtros clicado
2026-05-13 19:41:45,831 | INFO | robo_stur | Clicando na coluna: Fornecedor Serviço
2026-05-13 19:41:46,187 | INFO | robo_stur | Aguardando 3s — coluna Fornecedor Serviço selecionada
2026-05-13 19:41:49,192 | INFO | robo_stur | Preenchendo search com: AdaptaOrg
2026-05-13 19:41:49,866 | INFO | robo_stur | Aguardando 3s — campo search limpo
2026-05-13 19:41:53,188 | INFO | robo_stur | Aguardando 3s — campo search preenchido
2026-05-13 19:41:56,194 | INFO | robo_stur | Clicando no botão de pesquisar
2026-05-13 19:41:56,546 | INFO | robo_stur | Aguardando 3s — pesquisa enviada
2026-05-13 19:41:59,551 | INFO | robo_stur | Aguardando 3s — consulta inicial por Fornecedor Serviço
2026-05-13 19:42:02,555 | INFO | robo_stur | Validando resultados da tabela. Origem=Fornecedor Serviço sem data
2026-05-13 19:42:02,583 | INFO | robo_stur | Mensagem 'Nenhum registro encontrado' detectada.
2026-05-13 19:42:02,584 | INFO | robo_stur | Nenhum resultado inicial para Fornecedor Serviço='AdaptaOrg'. Não vou aplicar filtro de data para este campo.
2026-05-13 19:42:02,584 | INFO | robo_stur | Limpando filtros para começar próximo passo/item
2026-05-13 19:42:02,910 | INFO | robo_stur | Aguardando 3s — limpar filtros clicado
2026-05-13 19:42:05,943 | WARNING | robo_stur | LANÇAMENTO MANUAL | Não localizado no STUR
2026-05-13 19:42:05,943 | INFO | robo_stur | Limpando filtros para começar próximo passo/item
2026-05-13 19:42:05,958 | WARNING | robo_stur | Botão Limpar/Cancelar filtro não encontrado. Limpando campo search manualmente.
2026-05-13 19:42:06,270 | INFO | robo_stur | Aguardando 3s — campo search limpo manualmente
2026-05-13 19:42:09,290 | INFO | robo_stur | ============================================================
2026-05-13 19:42:09,290 | INFO | robo_stur | Linha Excel 3
2026-05-13 19:42:09,290 | INFO | robo_stur | Tipo busca: GENERICO_COM_LOCALIZADOR
2026-05-13 19:42:09,291 | INFO | robo_stur | Estabelecimento: EG*TRVL73191326143403
2026-05-13 19:42:09,291 | INFO | robo_stur | VCN: nan | Código Venda VCN: None
2026-05-13 19:42:09,291 | INFO | robo_stur | Localizador extraído: TRVL73
2026-05-13 19:42:09,291 | INFO | robo_stur | Termo: EG*TRVL73191326143403 | Coluna: Fornecedor
2026-05-13 19:42:09,291 | INFO | robo_stur | Data STUR: 28/03/2026 | Valor Excel: 669.57
2026-05-13 19:42:09,291 | INFO | robo_stur | Estratégia GENERICO_COM_LOCALIZADOR — busca inicial: Fornecedor='EG*TRVL73191326143403'
2026-05-13 19:42:09,291 | INFO | robo_stur | Limpando filtros para começar próximo passo/item
2026-05-13 19:42:09,308 | WARNING | robo_stur | Botão Limpar/Cancelar filtro não encontrado. Limpando campo search manualmente.
2026-05-13 19:42:09,618 | INFO | robo_stur | Aguardando 3s — campo search limpo manualmente
2026-05-13 19:42:12,637 | INFO | robo_stur | Clicando na coluna: Fornecedor
2026-05-13 19:42:12,996 | INFO | robo_stur | Aguardando 3s — coluna Fornecedor selecionada
2026-05-13 19:42:16,001 | INFO | robo_stur | Preenchendo search com: EG*TRVL73191326143403
2026-05-13 19:42:16,687 | INFO | robo_stur | Aguardando 3s — campo search limpo
2026-05-13 19:42:20,007 | INFO | robo_stur | Aguardando 3s — campo search preenchido
2026-05-13 19:42:23,013 | INFO | robo_stur | Clicando no botão de pesquisar
2026-05-13 19:42:23,369 | INFO | robo_stur | Aguardando 3s — pesquisa enviada
2026-05-13 19:42:53,835 | INFO | robo_stur | Aguardando 3s — consulta inicial por Fornecedor
2026-05-13 19:42:56,844 | INFO | robo_stur | Validando resultados da tabela. Origem=Fornecedor sem data
2026-05-13 19:42:56,875 | INFO | robo_stur | Mensagem 'Nenhum registro encontrado' detectada.
2026-05-13 19:42:56,875 | INFO | robo_stur | Nenhum resultado inicial para Fornecedor='EG*TRVL73191326143403'. Não vou aplicar filtro de data para este campo.
2026-05-13 19:42:56,875 | INFO | robo_stur | Estratégia GENERICO_COM_LOCALIZADOR — busca inicial: Fornecedor Serviço='EG*TRVL73191326143403'
2026-05-13 19:42:56,875 | INFO | robo_stur | Limpando filtros para começar próximo passo/item
2026-05-13 19:42:57,195 | INFO | robo_stur | Aguardando 3s — limpar filtros clicado
2026-05-13 19:43:00,227 | INFO | robo_stur | Clicando na coluna: Fornecedor Serviço
2026-05-13 19:43:00,586 | INFO | robo_stur | Aguardando 3s — coluna Fornecedor Serviço selecionada
2026-05-13 19:43:03,592 | INFO | robo_stur | Preenchendo search com: EG*TRVL73191326143403
2026-05-13 19:43:04,272 | INFO | robo_stur | Aguardando 3s — campo search limpo
2026-05-13 19:43:07,593 | INFO | robo_stur | Aguardando 3s — campo search preenchido
2026-05-13 19:43:10,599 | INFO | robo_stur | Clicando no botão de pesquisar
2026-05-13 19:43:10,955 | INFO | robo_stur | Aguardando 3s — pesquisa enviada
2026-05-13 19:43:13,961 | INFO | robo_stur | Aguardando 3s — consulta inicial por Fornecedor Serviço
2026-05-13 19:43:16,967 | INFO | robo_stur | Validando resultados da tabela. Origem=Fornecedor Serviço sem data
2026-05-13 19:43:16,994 | INFO | robo_stur | Mensagem 'Nenhum registro encontrado' detectada.
2026-05-13 19:43:16,995 | INFO | robo_stur | Nenhum resultado inicial para Fornecedor Serviço='EG*TRVL73191326143403'. Não vou aplicar filtro de data para este campo.
2026-05-13 19:43:16,995 | INFO | robo_stur | Estratégia GENERICO_COM_LOCALIZADOR — busca inicial: Localizador='TRVL73'
2026-05-13 19:43:16,995 | INFO | robo_stur | Limpando filtros para começar próximo passo/item
2026-05-13 19:43:17,316 | INFO | robo_stur | Aguardando 3s — limpar filtros clicado
2026-05-13 19:43:20,348 | INFO | robo_stur | Clicando na coluna: Localizador
2026-05-13 19:43:20,690 | INFO | robo_stur | Aguardando 3s — coluna Localizador selecionada
2026-05-13 19:43:23,696 | INFO | robo_stur | Preenchendo search com: TRVL73
2026-05-13 19:43:24,368 | INFO | robo_stur | Aguardando 3s — campo search limpo
2026-05-13 19:43:27,689 | INFO | robo_stur | Aguardando 3s — campo search preenchido
2026-05-13 19:43:30,695 | INFO | robo_stur | Clicando no botão de pesquisar
2026-05-13 19:43:31,049 | INFO | robo_stur | Aguardando 3s — pesquisa enviada
2026-05-13 19:43:34,054 | INFO | robo_stur | Aguardando 3s — consulta inicial por Localizador
2026-05-13 19:43:37,058 | INFO | robo_stur | Validando resultados da tabela. Origem=Localizador sem data
2026-05-13 19:43:37,087 | INFO | robo_stur | Mensagem 'Nenhum registro encontrado' detectada.
2026-05-13 19:43:37,087 | INFO | robo_stur | Nenhum resultado inicial para Localizador='TRVL73'. Não vou aplicar filtro de data para este campo.
2026-05-13 19:43:37,087 | INFO | robo_stur | Limpando filtros para começar próximo passo/item
2026-05-13 19:43:37,409 | INFO | robo_stur | Aguardando 3s — limpar filtros clicado
2026-05-13 19:43:40,443 | WARNING | robo_stur | LANÇAMENTO MANUAL | Não localizado no STUR
2026-05-13 19:43:40,443 | INFO | robo_stur | Limpando filtros para começar próximo passo/item
2026-05-13 19:43:40,455 | WARNING | robo_stur | Botão Limpar/Cancelar filtro não encontrado. Limpando campo search manualmente.
2026-05-13 19:43:40,767 | INFO | robo_stur | Aguardando 3s — campo search limpo manualmente
2026-05-13 19:43:43,788 | INFO | robo_stur | ============================================================
2026-05-13 19:43:43,788 | INFO | robo_stur | Linha Excel 4
2026-05-13 19:43:43,789 | INFO | robo_stur | Tipo busca: GENERICO
2026-05-13 19:43:43,789 | INFO | robo_stur | Estabelecimento: PG *BOT CONVERSA BC
2026-05-13 19:43:43,789 | INFO | robo_stur | VCN: nan | Código Venda VCN: None
2026-05-13 19:43:43,789 | INFO | robo_stur | Localizador extraído: None
2026-05-13 19:43:43,789 | INFO | robo_stur | Termo: PG *BOT CONVERSA BC | Coluna: Fornecedor
2026-05-13 19:43:43,789 | INFO | robo_stur | Data STUR: 10/04/2026 | Valor Excel: 129
2026-05-13 19:43:43,789 | INFO | robo_stur | Estratégia GENERICO — busca inicial: Fornecedor='PG *BOT CONVERSA BC'
2026-05-13 19:43:43,789 | INFO | robo_stur | Limpando filtros para começar próximo passo/item
2026-05-13 19:43:43,805 | WARNING | robo_stur | Botão Limpar/Cancelar filtro não encontrado. Limpando campo search manualmente.
2026-05-13 19:43:44,114 | INFO | robo_stur | Aguardando 3s — campo search limpo manualmente
2026-05-13 19:43:47,132 | INFO | robo_stur | Clicando na coluna: Fornecedor
2026-05-13 19:43:47,486 | INFO | robo_stur | Aguardando 3s — coluna Fornecedor selecionada
2026-05-13 19:43:50,491 | INFO | robo_stur | Preenchendo search com: PG *BOT CONVERSA BC
2026-05-13 19:43:51,177 | INFO | robo_stur | Aguardando 3s — campo search limpo
2026-05-13 19:43:54,500 | INFO | robo_stur | Aguardando 3s — campo search preenchido
2026-05-13 19:43:57,506 | INFO | robo_stur | Clicando no botão de pesquisar
2026-05-13 19:43:57,900 | INFO | robo_stur | Aguardando 3s — pesquisa enviada
2026-05-13 19:44:00,905 | INFO | robo_stur | Aguardando 3s — consulta inicial por Fornecedor
2026-05-13 19:44:03,910 | INFO | robo_stur | Validando resultados da tabela. Origem=Fornecedor sem data
2026-05-13 19:44:03,941 | INFO | robo_stur | Mensagem 'Nenhum registro encontrado' detectada.
2026-05-13 19:44:03,941 | INFO | robo_stur | Nenhum resultado inicial para Fornecedor='PG *BOT CONVERSA BC'. Não vou aplicar filtro de data para este campo.
2026-05-13 19:44:03,941 | INFO | robo_stur | Estratégia GENERICO — busca inicial: Fornecedor Serviço='PG *BOT CONVERSA BC'
2026-05-13 19:44:03,941 | INFO | robo_stur | Limpando filtros para começar próximo passo/item
2026-05-13 19:44:04,262 | INFO | robo_stur | Aguardando 3s — limpar filtros clicado
2026-05-13 19:44:07,278 | INFO | robo_stur | Clicando na coluna: Fornecedor Serviço
2026-05-13 19:44:24,871 | INFO | robo_stur | Aguardando 3s — coluna Fornecedor Serviço selecionada
2026-05-13 19:44:27,876 | INFO | robo_stur | Preenchendo search com: PG *BOT CONVERSA BC
2026-05-13 19:44:28,569 | INFO | robo_stur | Aguardando 3s — campo search limpo
2026-05-13 19:44:31,888 | INFO | robo_stur | Aguardando 3s — campo search preenchido
2026-05-13 19:44:34,892 | INFO | robo_stur | Clicando no botão de pesquisar
2026-05-13 19:44:35,241 | INFO | robo_stur | Aguardando 3s — pesquisa enviada
2026-05-13 19:44:38,245 | INFO | robo_stur | Aguardando 3s — consulta inicial por Fornecedor Serviço
2026-05-13 19:44:41,249 | INFO | robo_stur | Validando resultados da tabela. Origem=Fornecedor Serviço sem data
2026-05-13 19:44:41,276 | INFO | robo_stur | Mensagem 'Nenhum registro encontrado' detectada.
2026-05-13 19:44:41,277 | INFO | robo_stur | Nenhum resultado inicial para Fornecedor Serviço='PG *BOT CONVERSA BC'. Não vou aplicar filtro de data para este campo.
2026-05-13 19:44:41,277 | INFO | robo_stur | Limpando filtros para começar próximo passo/item
2026-05-13 19:44:41,600 | INFO | robo_stur | Aguardando 3s — limpar filtros clicado
2026-05-13 19:44:44,630 | WARNING | robo_stur | LANÇAMENTO MANUAL | Não localizado no STUR
2026-05-13 19:44:44,630 | INFO | robo_stur | Limpando filtros para começar próximo passo/item
2026-05-13 19:44:44,648 | WARNING | robo_stur | Botão Limpar/Cancelar filtro não encontrado. Limpando campo search manualmente.
2026-05-13 19:44:44,962 | INFO | robo_stur | Aguardando 3s — campo search limpo manualmente
2026-05-13 19:44:47,982 | INFO | robo_stur | ============================================================
2026-05-13 19:44:47,982 | INFO | robo_stur | Linha Excel 5
2026-05-13 19:44:47,982 | INFO | robo_stur | Tipo busca: GENERICO
2026-05-13 19:44:47,982 | INFO | robo_stur | Estabelecimento: AGENCIA DE VIAGEM
2026-05-13 19:44:47,983 | INFO | robo_stur | VCN: nan | Código Venda VCN: None
2026-05-13 19:44:47,983 | INFO | robo_stur | Localizador extraído: None
2026-05-13 19:44:47,983 | INFO | robo_stur | Termo: AGENCIA DE VIAGEM | Coluna: Fornecedor
2026-05-13 19:44:47,983 | INFO | robo_stur | Data STUR: 19/03/2026 | Valor Excel: 1016.3
2026-05-13 19:44:47,983 | INFO | robo_stur | Estratégia GENERICO — busca inicial: Fornecedor='AGENCIA DE VIAGEM'
2026-05-13 19:44:47,983 | INFO | robo_stur | Limpando filtros para começar próximo passo/item
2026-05-13 19:44:47,999 | WARNING | robo_stur | Botão Limpar/Cancelar filtro não encontrado. Limpando campo search manualmente.
2026-05-13 19:44:48,308 | INFO | robo_stur | Aguardando 3s — campo search limpo manualmente
2026-05-13 19:44:51,327 | INFO | robo_stur | Clicando na coluna: Fornecedor
2026-05-13 19:44:51,682 | INFO | robo_stur | Aguardando 3s — coluna Fornecedor selecionada
2026-05-13 19:44:54,685 | INFO | robo_stur | Preenchendo search com: AGENCIA DE VIAGEM
2026-05-13 19:44:55,358 | INFO | robo_stur | Aguardando 3s — campo search limpo
2026-05-13 19:44:58,680 | INFO | robo_stur | Aguardando 3s — campo search preenchido
2026-05-13 19:45:01,685 | INFO | robo_stur | Clicando no botão de pesquisar
2026-05-13 19:45:02,051 | INFO | robo_stur | Aguardando 3s — pesquisa enviada
2026-05-13 19:45:05,054 | INFO | robo_stur | Aguardando 3s — consulta inicial por Fornecedor
2026-05-13 19:45:08,059 | INFO | robo_stur | Validando resultados da tabela. Origem=Fornecedor sem data
2026-05-13 19:45:08,088 | INFO | robo_stur | Mensagem 'Nenhum registro encontrado' detectada.
2026-05-13 19:45:08,089 | INFO | robo_stur | Nenhum resultado inicial para Fornecedor='AGENCIA DE VIAGEM'. Não vou aplicar filtro de data para este campo.
2026-05-13 19:45:08,089 | INFO | robo_stur | Estratégia GENERICO — busca inicial: Fornecedor Serviço='AGENCIA DE VIAGEM'
2026-05-13 19:45:08,089 | INFO | robo_stur | Limpando filtros para começar próximo passo/item
2026-05-13 19:45:08,411 | INFO | robo_stur | Aguardando 3s — limpar filtros clicado
2026-05-13 19:45:11,443 | INFO | robo_stur | Clicando na coluna: Fornecedor Serviço
2026-05-13 19:45:11,788 | INFO | robo_stur | Aguardando 3s — coluna Fornecedor Serviço selecionada
2026-05-13 19:45:14,793 | INFO | robo_stur | Preenchendo search com: AGENCIA DE VIAGEM
2026-05-13 19:45:15,466 | INFO | robo_stur | Aguardando 3s — campo search limpo
2026-05-13 19:45:18,788 | INFO | robo_stur | Aguardando 3s — campo search preenchido
2026-05-13 19:45:21,792 | INFO | robo_stur | Clicando no botão de pesquisar
2026-05-13 19:45:22,158 | INFO | robo_stur | Aguardando 3s — pesquisa enviada
2026-05-13 19:45:25,163 | INFO | robo_stur | Aguardando 3s — consulta inicial por Fornecedor Serviço
2026-05-13 19:45:28,167 | INFO | robo_stur | Validando resultados da tabela. Origem=Fornecedor Serviço sem data
2026-05-13 19:45:28,194 | INFO | robo_stur | Mensagem 'Nenhum registro encontrado' detectada.
2026-05-13 19:45:28,194 | INFO | robo_stur | Nenhum resultado inicial para Fornecedor Serviço='AGENCIA DE VIAGEM'. Não vou aplicar filtro de data para este campo.
2026-05-13 19:45:28,194 | INFO | robo_stur | Limpando filtros para começar próximo passo/item
2026-05-13 19:45:28,555 | INFO | robo_stur | Aguardando 3s — limpar filtros clicado
2026-05-13 19:45:31,585 | WARNING | robo_stur | LANÇAMENTO MANUAL | Não localizado no STUR
2026-05-13 19:45:31,585 | INFO | robo_stur | Limpando filtros para começar próximo passo/item
2026-05-13 19:45:31,603 | WARNING | robo_stur | Botão Limpar/Cancelar filtro não encontrado. Limpando campo search manualmente.
2026-05-13 19:45:31,914 | INFO | robo_stur | Aguardando 3s — campo search limpo manualmente
2026-05-13 19:45:34,932 | INFO | robo_stur | ============================================================
2026-05-13 19:45:34,933 | INFO | robo_stur | Linha Excel 6
2026-05-13 19:45:34,933 | INFO | robo_stur | Tipo busca: GENERICO
2026-05-13 19:45:34,933 | INFO | robo_stur | Estabelecimento: MSC CRUZEIROS
2026-05-13 19:45:34,933 | INFO | robo_stur | VCN: nan | Código Venda VCN: None
2026-05-13 19:45:34,933 | INFO | robo_stur | Localizador extraído: None
2026-05-13 19:45:34,933 | INFO | robo_stur | Termo: MSC CRUZEIROS | Coluna: Fornecedor
2026-05-13 19:45:34,933 | INFO | robo_stur | Data STUR: 17/03/2026 | Valor Excel: 708.6
2026-05-13 19:45:34,933 | INFO | robo_stur | Estratégia GENERICO — busca inicial: Fornecedor='MSC CRUZEIROS'
2026-05-13 19:45:34,933 | INFO | robo_stur | Limpando filtros para começar próximo passo/item
2026-05-13 19:45:34,949 | WARNING | robo_stur | Botão Limpar/Cancelar filtro não encontrado. Limpando campo search manualmente.
2026-05-13 19:45:35,258 | INFO | robo_stur | Aguardando 3s — campo search limpo manualmente
2026-05-13 19:45:38,278 | INFO | robo_stur | Clicando na coluna: Fornecedor
2026-05-13 19:45:38,629 | INFO | robo_stur | Aguardando 3s — coluna Fornecedor selecionada
2026-05-13 19:45:41,634 | INFO | robo_stur | Preenchendo search com: MSC CRUZEIROS
2026-05-13 19:45:42,317 | INFO | robo_stur | Aguardando 3s — campo search limpo
2026-05-13 19:45:45,637 | INFO | robo_stur | Aguardando 3s — campo search preenchido
2026-05-13 19:45:48,641 | INFO | robo_stur | Clicando no botão de pesquisar
2026-05-13 19:45:49,041 | INFO | robo_stur | Aguardando 3s — pesquisa enviada
2026-05-13 19:45:52,044 | INFO | robo_stur | Aguardando 3s — consulta inicial por Fornecedor
2026-05-13 19:45:55,051 | INFO | robo_stur | Validando resultados da tabela. Origem=Fornecedor sem data
2026-05-13 19:45:55,077 | INFO | robo_stur | Mensagem 'Nenhum registro encontrado' detectada.
2026-05-13 19:45:55,078 | INFO | robo_stur | Nenhum resultado inicial para Fornecedor='MSC CRUZEIROS'. Não vou aplicar filtro de data para este campo.
2026-05-13 19:45:55,078 | INFO | robo_stur | Estratégia GENERICO — busca inicial: Fornecedor Serviço='MSC CRUZEIROS'
2026-05-13 19:45:55,078 | INFO | robo_stur | Limpando filtros para começar próximo passo/item
2026-05-13 19:45:55,401 | INFO | robo_stur | Aguardando 3s — limpar filtros clicado
2026-05-13 19:45:58,423 | INFO | robo_stur | Clicando na coluna: Fornecedor Serviço
2026-05-13 19:45:58,781 | INFO | robo_stur | Aguardando 3s — coluna Fornecedor Serviço selecionada
2026-05-13 19:46:01,787 | INFO | robo_stur | Preenchendo search com: MSC CRUZEIROS
2026-05-13 19:46:02,466 | INFO | robo_stur | Aguardando 3s — campo search limpo
2026-05-13 19:46:05,785 | INFO | robo_stur | Aguardando 3s — campo search preenchido
2026-05-13 19:46:08,790 | INFO | robo_stur | Clicando no botão de pesquisar
2026-05-13 19:46:09,148 | INFO | robo_stur | Aguardando 3s — pesquisa enviada
2026-05-13 19:46:12,152 | INFO | robo_stur | Aguardando 3s — consulta inicial por Fornecedor Serviço
2026-05-13 19:46:15,157 | INFO | robo_stur | Validando resultados da tabela. Origem=Fornecedor Serviço sem data
2026-05-13 19:46:15,186 | INFO | robo_stur | Mensagem 'Nenhum registro encontrado' detectada.
2026-05-13 19:46:15,186 | INFO | robo_stur | Nenhum resultado inicial para Fornecedor Serviço='MSC CRUZEIROS'. Não vou aplicar filtro de data para este campo.
2026-05-13 19:46:15,186 | INFO | robo_stur | Limpando filtros para começar próximo passo/item
2026-05-13 19:46:15,509 | INFO | robo_stur | Aguardando 3s — limpar filtros clicado
2026-05-13 19:46:18,541 | WARNING | robo_stur | LANÇAMENTO MANUAL | Não localizado no STUR
2026-05-13 19:46:18,541 | INFO | robo_stur | Limpando filtros para começar próximo passo/item
2026-05-13 19:46:18,559 | WARNING | robo_stur | Botão Limpar/Cancelar filtro não encontrado. Limpando campo search manualmente.
2026-05-13 19:46:18,869 | INFO | robo_stur | Aguardando 3s — campo search limpo manualmente
2026-05-13 19:46:21,890 | INFO | robo_stur | ============================================================
2026-05-13 19:46:21,890 | INFO | robo_stur | Linha Excel 7
2026-05-13 19:46:21,890 | INFO | robo_stur | Tipo busca: LATAM
2026-05-13 19:47:39,187 | INFO | robo_stur | Estabelecimento: ESTORNO DE LATAM DCP ND*DDBADK
2026-05-13 19:47:39,188 | INFO | robo_stur | VCN: nan | Código Venda VCN: None
2026-05-13 19:47:39,188 | INFO | robo_stur | Localizador extraído: DDBADK
2026-05-13 19:47:39,188 | INFO | robo_stur | Termo: DDBADK | Coluna: Localizador
2026-05-13 19:47:39,188 | INFO | robo_stur | Data STUR: 13/03/2026 | Valor Excel: -4748.32
2026-05-13 19:47:39,188 | INFO | robo_stur | Estratégia LATAM: buscar Localizador=DDBADK
2026-05-13 19:47:39,188 | INFO | robo_stur | Limpando filtros para começar próximo passo/item
2026-05-13 19:47:39,217 | WARNING | robo_stur | Botão Limpar/Cancelar filtro não encontrado. Limpando campo search manualmente.
2026-05-13 19:47:39,527 | INFO | robo_stur | Aguardando 3s — campo search limpo manualmente
2026-05-13 19:47:42,538 | INFO | robo_stur | Clicando na coluna: Localizador
2026-05-13 19:47:42,887 | INFO | robo_stur | Aguardando 3s — coluna Localizador selecionada
2026-05-13 19:47:45,891 | INFO | robo_stur | Preenchendo search com: DDBADK
